[35m[Appium][39m Welcome to Appium v1.8.1
[35m[Appium][39m Non-default server args:
[35m[Appium][39m   port: 54429
[35m[Appium][39m   chromeDriverPort: 54430
[35m[Appium][39m   tmpDir: C:\Users\NETZON~1.RHO\AppData\Local\Temp\\Katalon\Appium\Temp1547521694326
[35m[Appium][39m Appium REST http interface listener started on 0.0.0.0:54429
[35m[HTTP][39m [37m-->[39m [37mGET[39m [37m/wd/hub/status[39m
[35m[HTTP][39m [90m{}[39m
[debug] [35m[MJSONWP][39m Calling AppiumDriver.getStatus() with args: []
[debug] [35m[MJSONWP][39m Responding to client with driver.getStatus() result: {"build":{"version":"1.8.1","revision":null}}
[35m[HTTP][39m [37m<-- GET /wd/hub/status [39m[32m200[39m [90m69 ms - 83[39m
[35m[HTTP][39m [90m[39m
[35m[HTTP][39m [37m-->[39m [37mGET[39m [37m/wd/hub/status[39m
[35m[HTTP][39m [90m{}[39m
[debug] [35m[MJSONWP][39m Calling AppiumDriver.getStatus() with args: []
[debug] [35m[MJSONWP][39m Responding to client with driver.getStatus() result: {"build":{"version":"1.8.1","revision":null}}
[35m[HTTP][39m [37m<-- GET /wd/hub/status [39m[32m200[39m [90m73 ms - 83[39m
[35m[HTTP][39m [90m[39m
[35m[HTTP][39m [37m-->[39m [37mPOST[39m [37m/wd/hub/session[39m
[35m[HTTP][39m [90m{"desiredCapabilities":{"app":"C:\\Users\\netzon.rhobert\\Desktop\\Gycom\\psapp-debug.apk","autoGrantPermissions":true,"automationName":"uiautomator2","deviceName":"Huawei Nexus 6P (Android 7.1.2)","fullReset":false,"newCommandTimeout":1800,"noReset":true,"platform":"ANDROID","platformName":"Android","udid":"CVH7N16130000820"},"capabilities":{"desiredCapabilities":{"app":"C:\\Users\\netzon.rhobert\\Desktop\\Gycom\\psapp-debug.apk","autoGrantPermissions":true,"automationName":"uiautomator2","deviceName":"Huawei Nexus 6P (Android 7.1.2)","fullReset":false,"newCommandTimeout":1800,"noReset":true,"platform":"ANDROID","platformName":"Android","udid":"CVH7N16130000820"},"firstMatch":[{"platformName":"android"}]}}[39m
[debug] [35m[MJSONWP][39m Calling AppiumDriver.createSession() with args: [{"app":"C:\\Users\\netzon.rhobert\\Desktop\\Gycom\\psapp-debug.apk","autoGrantPermissions":true,"automationName":"uiautomator2","deviceName":"Huawei Nexus 6P (Android 7.1.2)","fullReset":false,"newCommandTimeout":1800,"noReset":true,"platform":"ANDROID","platformName":"Android","udid":"CVH7N16130000820"},null,{"desiredCapabilities":{"app":"C:\\Users\\netzon.rhobert\\Desktop\\Gycom\\psapp-debug.apk","autoGrantPermissions":true,"automationName":"uiautomator2","deviceName":"Huawei Nexus 6P (Android 7.1.2)","fullReset":false,"newCommandTimeout":1800,"noReset":true,"platform":"ANDROID","platformName":"Android","udid":"CVH7N16130000820"},"firstMatch":[{"platformName":"android"}]}]
[debug] [35m[BaseDriver][39m Event 'newSessionRequested' logged at 1547521700948 (11:08:20 GMT+0800 (Singapore Standard Time))
[35m[Appium][39m Could not parse W3C capabilities: 'deviceName' can't be blank. Falling back to JSONWP protocol.
[35m[Appium][39m The following capabilities were provided in the JSONWP desired capabilities that are missing in W3C capabilities: ["app","autoGrantPermissions","automationName","deviceName","fullReset","newCommandTimeout","noReset","platform","platformName","udid"]. Falling back to JSONWP protocol.
[35m[Appium][39m Creating new AndroidUiautomator2Driver (v1.12.0) session
[35m[Appium][39m Capabilities:
[35m[Appium][39m   app: C:\Users\netzon.rhobert\Desktop\Gycom\psapp-debug.apk
[35m[Appium][39m   autoGrantPermissions: true
[35m[Appium][39m   automationName: uiautomator2
[35m[Appium][39m   deviceName: Huawei Nexus 6P (Android 7.1.2)
[35m[Appium][39m   fullReset: false
[35m[Appium][39m   newCommandTimeout: 1800
[35m[Appium][39m   noReset: true
[35m[Appium][39m   platform: ANDROID
[35m[Appium][39m   platformName: Android
[35m[Appium][39m   udid: CVH7N16130000820
[debug] [35m[BaseDriver][39m Creating session with MJSONWP desired capabilities: {"app":"C:\\Users\\netzon.r...
[35m[BaseDriver][39m The following capabilities were provided, but are not recognized by appium: platform.
[35m[BaseDriver][39m Session created with session id: f28c74ed-800e-4fbd-85a6-5b00742fef20
[35m[BaseDriver][39m Using local app 'C:\Users\netzon.rhobert\Desktop\Gycom\psapp-debug.apk'
[debug] [35m[UiAutomator2][39m Checking whether app is actually present
[debug] [35m[AndroidDriver][39m Getting Java version
[35m[AndroidDriver][39m Java version is: 1.8.0_181
[35m[ADB][39m Checking whether adb is present
[35m[ADB][39m Found 1 'build-tools' folders under 'C:\Users\netzon.rhobert\.katalon\tools\android_sdk' (newest first):
[35m[ADB][39m     C:/Users/netzon.rhobert/.katalon/tools/android_sdk/build-tools/28.0.3
[35m[ADB][39m Using adb.exe from C:\Users\netzon.rhobert\.katalon\tools\android_sdk\platform-tools\adb.exe
[35m[AndroidDriver][39m Retrieving device list
[debug] [35m[ADB][39m Trying to find a connected android device
[debug] [35m[ADB][39m Getting connected devices...
[debug] [35m[ADB][39m 1 device(s) connected
[35m[AndroidDriver][39m Using device: CVH7N16130000820
[debug] [35m[ADB][39m Setting device id to CVH7N16130000820
[debug] [35m[ADB][39m Running 'C:\Users\netzon.rhobert\.katalon\tools\android_sdk\platform-tools\adb.exe -P 5037 -s CVH7N16130000820 shell getprop ro.build.version.sdk'
[debug] [35m[ADB][39m Current device property 'ro.build.version.sdk': 25
[debug] [35m[ADB][39m Device API level: 25
[debug] [35m[AndroidDriver][39m Parsing package and activity from app manifest
[35m[ADB][39m Using the alternative activity name detection method because of: Could not find apkanalyzer.bat in C:\Users\netzon.rhobert\.katalon\tools\android_sdk\platform-tools\apkanalyzer.bat,C:\Users\netzon.rhobert\.katalon\tools\android_sdk\emulator\apkanalyzer.bat,C:\Users\netzon.rhobert\.katalon\tools\android_sdk\tools\apkanalyzer.bat,C:\Users\netzon.rhobert\.katalon\tools\android_sdk\tools\bin\apkanalyzer.bat,C:\Users\netzon.rhobert\.katalon\tools\android_sdk\build-tools\28.0.3\apkanalyzer.bat. Do you have the Android SDK installed at 'C:\Users\netzon.rhobert\.katalon\tools\android_sdk'?
[35m[ADB][39m Checking whether aapt is present
[35m[ADB][39m Using aapt.exe from C:\Users\netzon.rhobert\.katalon\tools\android_sdk\build-tools\28.0.3\aapt.exe
[35m[ADB][39m Extracting package and launch activity from manifest
[35m[ADB][39m Package name: 'se.pond.psapp'
[35m[ADB][39m Main activity name: 'se.pond.psapp.splash.SplashActivity'
[debug] [35m[AndroidDriver][39m Parsed package and activity are: se.pond.psapp/se.pond.psapp.splash.SplashActivity
[35m[ADB][39m Getting device platform version
[debug] [35m[ADB][39m Running 'C:\Users\netzon.rhobert\.katalon\tools\android_sdk\platform-tools\adb.exe -P 5037 -s CVH7N16130000820 shell getprop ro.build.version.release'
[debug] [35m[ADB][39m Current device property 'ro.build.version.release': 7.1.2
[debug] [35m[ADB][39m Running 'C:\Users\netzon.rhobert\.katalon\tools\android_sdk\platform-tools\adb.exe -P 5037 -s CVH7N16130000820 shell wm size'
[debug] [35m[ADB][39m Running 'C:\Users\netzon.rhobert\.katalon\tools\android_sdk\platform-tools\adb.exe -P 5037 -s CVH7N16130000820 shell wm density'
[debug] [35m[ADB][39m Running 'C:\Users\netzon.rhobert\.katalon\tools\android_sdk\platform-tools\adb.exe -P 5037 -s CVH7N16130000820 shell getprop ro.product.model'
[debug] [35m[ADB][39m Current device property 'ro.product.model': Nexus 6P
[debug] [35m[ADB][39m Running 'C:\Users\netzon.rhobert\.katalon\tools\android_sdk\platform-tools\adb.exe -P 5037 -s CVH7N16130000820 shell getprop ro.product.manufacturer'
[debug] [35m[ADB][39m Current device property 'ro.product.manufacturer': Huawei
[debug] [35m[ADB][39m Device API level: 25
[debug] [35m[ADB][39m Running 'C:\Users\netzon.rhobert\.katalon\tools\android_sdk\platform-tools\adb.exe -P 5037 -s CVH7N16130000820 shell am force-stop io.appium.uiautomator2.server'
[debug] [35m[ADB][39m Checking app cert for C:\Users\netzon.rhobert\AppData\Roaming\npm\node_modules\appium\node_modules\appium-uiautomator2-server\apks\appium-uiautomator2-server-v1.12.0.apk
[35m[ADB][39m Using apksigner.bat from C:\Users\netzon.rhobert\.katalon\tools\android_sdk\build-tools\28.0.3\apksigner.bat
[debug] [35m[ADB][39m Starting 'C:\Users\netzon.rhobert\.katalon\tools\android_sdk\build-tools\28.0.3\apksigner.bat' with args 'verify,--print-certs,C:\Users\netzon.rhobert\AppData\Roaming\npm\node_modules\appium\node_modules\appium-uiautomator2-server\apks\appium-uiautomator2-server-v1.12.0.apk'
[debug] [35m[ADB][39m 'C:\Users\netzon.rhobert\AppData\Roaming\npm\node_modules\appium\node_modules\appium-uiautomator2-server\apks\appium-uiautomator2-server-v1.12.0.apk' is not signed with debug cert.
[debug] [35m[ADB][39m Zip-aligning 'C:\Users\netzon.rhobert\AppData\Roaming\npm\node_modules\appium\node_modules\appium-uiautomator2-server\apks\appium-uiautomator2-server-v1.12.0.apk'
[35m[ADB][39m Checking whether zipalign is present
[35m[ADB][39m Using zipalign.exe from C:\Users\netzon.rhobert\.katalon\tools\android_sdk\build-tools\28.0.3\zipalign.exe
[debug] [35m[ADB][39m Signing 'C:\Users\netzon.rhobert\AppData\Roaming\npm\node_modules\appium\node_modules\appium-uiautomator2-server\apks\appium-uiautomator2-server-v1.12.0.apk' with default cert
[debug] [35m[ADB][39m Starting 'C:\Users\netzon.rhobert\.katalon\tools\android_sdk\build-tools\28.0.3\apksigner.bat' with args 'sign,--key,C:\Users\netzon.rhobert\AppData\Roaming\npm\node_modules\appium\node_modules\appium-adb\keys\testkey.pk8,--cert,C:\Users\netzon.rhobert\AppData\Roaming\npm\node_modules\appium\node_modules\appium-adb\keys\testkey.x509.pem,C:\Users\netzon.rhobert\AppData\Roaming\npm\node_modules\appium\node_modules\appium-uiautomator2-server\apks\appium-uiautomator2-server-v1.12.0.apk'
[debug] [35m[ADB][39m Checking app cert for C:\Users\netzon.rhobert\AppData\Roaming\npm\node_modules\appium\node_modules\appium-uiautomator2-server\apks\appium-uiautomator2-server-debug-androidTest.apk
[debug] [35m[ADB][39m Starting 'C:\Users\netzon.rhobert\.katalon\tools\android_sdk\build-tools\28.0.3\apksigner.bat' with args 'verify,--print-certs,C:\Users\netzon.rhobert\AppData\Roaming\npm\node_modules\appium\node_modules\appium-uiautomator2-server\apks\appium-uiautomator2-server-debug-androidTest.apk'
[debug] [35m[ADB][39m 'C:\Users\netzon.rhobert\AppData\Roaming\npm\node_modules\appium\node_modules\appium-uiautomator2-server\apks\appium-uiautomator2-server-debug-androidTest.apk' is not signed with debug cert.
[debug] [35m[ADB][39m Zip-aligning 'C:\Users\netzon.rhobert\AppData\Roaming\npm\node_modules\appium\node_modules\appium-uiautomator2-server\apks\appium-uiautomator2-server-debug-androidTest.apk'
[debug] [35m[ADB][39m Signing 'C:\Users\netzon.rhobert\AppData\Roaming\npm\node_modules\appium\node_modules\appium-uiautomator2-server\apks\appium-uiautomator2-server-debug-androidTest.apk' with default cert
[debug] [35m[ADB][39m Starting 'C:\Users\netzon.rhobert\.katalon\tools\android_sdk\build-tools\28.0.3\apksigner.bat' with args 'sign,--key,C:\Users\netzon.rhobert\AppData\Roaming\npm\node_modules\appium\node_modules\appium-adb\keys\testkey.pk8,--cert,C:\Users\netzon.rhobert\AppData\Roaming\npm\node_modules\appium\node_modules\appium-adb\keys\testkey.x509.pem,C:\Users\netzon.rhobert\AppData\Roaming\npm\node_modules\appium\node_modules\appium-uiautomator2-server\apks\appium-uiautomator2-server-debug-androidTest.apk'
[debug] [35m[ADB][39m Uninstalling io.appium.uiautomator2.server
[debug] [35m[ADB][39m Getting install status for io.appium.uiautomator2.server
[debug] [35m[ADB][39m Running 'C:\Users\netzon.rhobert\.katalon\tools\android_sdk\platform-tools\adb.exe -P 5037 -s CVH7N16130000820 shell pm list packages io.appium.uiautomator2.server'
[debug] [35m[ADB][39m App is installed
[debug] [35m[ADB][39m Running 'C:\Users\netzon.rhobert\.katalon\tools\android_sdk\platform-tools\adb.exe -P 5037 -s CVH7N16130000820 shell am force-stop io.appium.uiautomator2.server'
[debug] [35m[ADB][39m Running 'C:\Users\netzon.rhobert\.katalon\tools\android_sdk\platform-tools\adb.exe -P 5037 -s CVH7N16130000820 uninstall io.appium.uiautomator2.server'
[debug] [35m[ADB][39m 'adb uninstall io.appium.uiautomator2.server' command output: Success
[35m[ADB][39m io.appium.uiautomator2.server was successfully uninstalled
[debug] [35m[ADB][39m Uninstalling io.appium.uiautomator2.server.test
[debug] [35m[ADB][39m Getting install status for io.appium.uiautomator2.server.test
[debug] [35m[ADB][39m Running 'C:\Users\netzon.rhobert\.katalon\tools\android_sdk\platform-tools\adb.exe -P 5037 -s CVH7N16130000820 shell pm list packages io.appium.uiautomator2.server.test'
[debug] [35m[ADB][39m App is installed
[debug] [35m[ADB][39m Running 'C:\Users\netzon.rhobert\.katalon\tools\android_sdk\platform-tools\adb.exe -P 5037 -s CVH7N16130000820 shell am force-stop io.appium.uiautomator2.server.test'
[debug] [35m[ADB][39m Running 'C:\Users\netzon.rhobert\.katalon\tools\android_sdk\platform-tools\adb.exe -P 5037 -s CVH7N16130000820 uninstall io.appium.uiautomator2.server.test'
[debug] [35m[ADB][39m 'adb uninstall io.appium.uiautomator2.server.test' command output: Success
[35m[ADB][39m io.appium.uiautomator2.server.test was successfully uninstalled
[debug] [35m[ADB][39m Getting install status for io.appium.uiautomator2.server
[debug] [35m[ADB][39m Running 'C:\Users\netzon.rhobert\.katalon\tools\android_sdk\platform-tools\adb.exe -P 5037 -s CVH7N16130000820 shell pm list packages io.appium.uiautomator2.server'
[debug] [35m[ADB][39m App is not installed
[debug] [35m[ADB][39m App 'C:\Users\netzon.rhobert\AppData\Roaming\npm\node_modules\appium\node_modules\appium-uiautomator2-server\apks\appium-uiautomator2-server-v1.12.0.apk' not installed. Installing
[debug] [35m[ADB][39m Running 'C:\Users\netzon.rhobert\.katalon\tools\android_sdk\platform-tools\adb.exe -P 5037 -s CVH7N16130000820 install C\:\\Users\\netzon.rhobert\\AppData\\Roaming\\npm\\node_modules\\appium\\node_modules\\appium-uiautomator2-server\\apks\\appium-uiautomator2-server-v1.12.0.apk'
[debug] [35m[ADB][39m Install command stdout: Success
[debug] [35m[ADB][39m Getting install status for io.appium.uiautomator2.server.test
[debug] [35m[ADB][39m Running 'C:\Users\netzon.rhobert\.katalon\tools\android_sdk\platform-tools\adb.exe -P 5037 -s CVH7N16130000820 shell pm list packages io.appium.uiautomator2.server.test'
[debug] [35m[ADB][39m App is not installed
[debug] [35m[ADB][39m App 'C:\Users\netzon.rhobert\AppData\Roaming\npm\node_modules\appium\node_modules\appium-uiautomator2-server\apks\appium-uiautomator2-server-debug-androidTest.apk' not installed. Installing
[debug] [35m[ADB][39m Running 'C:\Users\netzon.rhobert\.katalon\tools\android_sdk\platform-tools\adb.exe -P 5037 -s CVH7N16130000820 install C\:\\Users\\netzon.rhobert\\AppData\\Roaming\\npm\\node_modules\\appium\\node_modules\\appium-uiautomator2-server\\apks\\appium-uiautomator2-server-debug-androidTest.apk'
[debug] [35m[ADB][39m Install command stdout: Success
[debug] [35m[UiAutomator2][39m Waiting up to 20000ms for instrumentation 'io.appium.uiautomator2.server.test/android.support.test.runner.AndroidJUnitRunner' to be available
[debug] [35m[ADB][39m Running 'C:\Users\netzon.rhobert\.katalon\tools\android_sdk\platform-tools\adb.exe -P 5037 -s CVH7N16130000820 shell pm list instrumentation'
[debug] [35m[UiAutomator2][39m Instrumentation 'io.appium.uiautomator2.server.test/android.support.test.runner.AndroidJUnitRunner' available
[debug] [35m[ADB][39m Running 'C:\Users\netzon.rhobert\.katalon\tools\android_sdk\platform-tools\adb.exe -P 5037 -s CVH7N16130000820 wait-for-device'
[debug] [35m[ADB][39m Running 'C:\Users\netzon.rhobert\.katalon\tools\android_sdk\platform-tools\adb.exe -P 5037 -s CVH7N16130000820 shell echo ping'
[debug] [35m[AndroidDriver][39m Pushing settings apk to device...
[debug] [35m[ADB][39m Getting install status for io.appium.settings
[debug] [35m[ADB][39m Running 'C:\Users\netzon.rhobert\.katalon\tools\android_sdk\platform-tools\adb.exe -P 5037 -s CVH7N16130000820 shell pm list packages io.appium.settings'
[debug] [35m[ADB][39m App is installed
[debug] [35m[ADB][39m Getting package info for 'io.appium.settings'
[debug] [35m[ADB][39m Running 'C:\Users\netzon.rhobert\.katalon\tools\android_sdk\platform-tools\adb.exe -P 5037 -s CVH7N16130000820 shell dumpsys package io.appium.settings'
[debug] [35m[ADB][39m The installed 'io.appium.settings' package does not require upgrade ('2.3.0' >= '2.3.0')
[debug] [35m[ADB][39m Running 'C:\Users\netzon.rhobert\.katalon\tools\android_sdk\platform-tools\adb.exe -P 5037 -s CVH7N16130000820 shell ps'
[debug] [35m[AndroidDriver][39m io.appium.settings is already running. There is no need to reset its permissions.
[debug] [35m[ADB][39m Device API level: 25
[debug] [35m[ADB][39m Running 'C:\Users\netzon.rhobert\.katalon\tools\android_sdk\platform-tools\adb.exe -P 5037 -s CVH7N16130000820 shell appops set io.appium.settings android\:mock_location allow'
[35m[AndroidDriver][39m setDeviceLanguageCountry requires language or country.
[35m[AndroidDriver][39m Got language: 'null' and country: 'null'
[debug] [35m[Logcat][39m Starting logcat capture
[debug] [35m[AndroidDriver][39m Pushing unlock helper app to device...
[debug] [35m[ADB][39m Getting install status for io.appium.unlock
[debug] [35m[ADB][39m Running 'C:\Users\netzon.rhobert\.katalon\tools\android_sdk\platform-tools\adb.exe -P 5037 -s CVH7N16130000820 shell pm list packages io.appium.unlock'
[debug] [35m[ADB][39m App is installed
[debug] [35m[ADB][39m Getting package info for 'io.appium.unlock'
[debug] [35m[ADB][39m Running 'C:\Users\netzon.rhobert\.katalon\tools\android_sdk\platform-tools\adb.exe -P 5037 -s CVH7N16130000820 shell dumpsys package io.appium.unlock'
[debug] [35m[ADB][39m The installed 'io.appium.unlock' package does not require upgrade ('2.0.0' >= '2.0.0')
[debug] [35m[UiAutomator2][39m Forwarding UiAutomator2 Server port 6790 to 8202
[debug] [35m[ADB][39m Forwarding system: 8202 to device: 6790
[debug] [35m[ADB][39m Running 'C:\Users\netzon.rhobert\.katalon\tools\android_sdk\platform-tools\adb.exe -P 5037 -s CVH7N16130000820 forward tcp\:8202 tcp\:6790'
[debug] [35m[ADB][39m Running 'C:\Users\netzon.rhobert\.katalon\tools\android_sdk\platform-tools\adb.exe -P 5037 -s CVH7N16130000820 shell rm -rf /data/local/tmp/strings.json'
[debug] [35m[AndroidDriver][39m Extracting strings from apk
[debug] [35m[AndroidDriver][39m C:\Users\netzon.rhobert\Desktop\Gycom\psapp-debug.apk
[debug] [35m[AndroidDriver][39m null
[debug] [35m[AndroidDriver][39m C:\Users\NETZON~1.RHO\AppData\Local\Temp\Katalon\Appium\Temp1547521694326\se.pond.psapp
[debug] [35m[ADB][39m Extracting strings for language: default
[35m[ADB][39m Successfully extracted 163 strings from 'C:\Users\netzon.rhobert\Desktop\Gycom\psapp-debug.apk' resources for '(default)' configuration
[debug] [35m[ADB][39m Running 'C:\Users\netzon.rhobert\.katalon\tools\android_sdk\platform-tools\adb.exe -P 5037 -s CVH7N16130000820 push C\:\\Users\\NETZON~1.RHO\\AppData\\Local\\Temp\\Katalon\\Appium\\Temp1547521694326\\se.pond.psapp\\strings.json /data/local/tmp'
[debug] [35m[ADB][39m Checking app cert for C:\Users\netzon.rhobert\Desktop\Gycom\psapp-debug.apk
[debug] [35m[ADB][39m Starting 'C:\Users\netzon.rhobert\.katalon\tools\android_sdk\build-tools\28.0.3\apksigner.bat' with args 'verify,--print-certs,C:\Users\netzon.rhobert\Desktop\Gycom\psapp-debug.apk'
[debug] [35m[ADB][39m 'C:\Users\netzon.rhobert\Desktop\Gycom\psapp-debug.apk' is not signed with debug cert.
[debug] [35m[ADB][39m Zip-aligning 'C:\Users\netzon.rhobert\Desktop\Gycom\psapp-debug.apk'
[debug] [35m[ADB][39m Signing 'C:\Users\netzon.rhobert\Desktop\Gycom\psapp-debug.apk' with default cert
[debug] [35m[ADB][39m Starting 'C:\Users\netzon.rhobert\.katalon\tools\android_sdk\build-tools\28.0.3\apksigner.bat' with args 'sign,--key,C:\Users\netzon.rhobert\AppData\Roaming\npm\node_modules\appium\node_modules\appium-adb\keys\testkey.pk8,--cert,C:\Users\netzon.rhobert\AppData\Roaming\npm\node_modules\appium\node_modules\appium-adb\keys\testkey.x509.pem,C:\Users\netzon.rhobert\Desktop\Gycom\psapp-debug.apk'
[debug] [35m[ADB][39m Getting install status for se.pond.psapp
[debug] [35m[ADB][39m Running 'C:\Users\netzon.rhobert\.katalon\tools\android_sdk\platform-tools\adb.exe -P 5037 -s CVH7N16130000820 shell pm list packages se.pond.psapp'
[debug] [35m[ADB][39m App is installed
[debug] [35m[ADB][39m Getting package info for 'se.pond.psapp'
[debug] [35m[ADB][39m Running 'C:\Users\netzon.rhobert\.katalon\tools\android_sdk\platform-tools\adb.exe -P 5037 -s CVH7N16130000820 shell dumpsys package se.pond.psapp'
[debug] [35m[ADB][39m The installed 'se.pond.psapp' package does not require upgrade ('1.0.3' >= '1.0.3')
[debug] [35m[ADB][39m Running 'C:\Users\netzon.rhobert\.katalon\tools\android_sdk\platform-tools\adb.exe -P 5037 -s CVH7N16130000820 shell am force-stop io.appium.uiautomator2.server'
[35m[UiAutomator2][39m Starting uiautomator2 server 1.12.0
[35m[UiAutomator2][39m Using UIAutomator2 server from 'C:\Users\netzon.rhobert\AppData\Roaming\npm\node_modules\appium\node_modules\appium-uiautomator2-server\apks\appium-uiautomator2-server-v1.12.0.apk' and test from 'C:\Users\netzon.rhobert\AppData\Roaming\npm\node_modules\appium\node_modules\appium-uiautomator2-server\apks\appium-uiautomator2-server-debug-androidTest.apk'
[35m[UiAutomator2][39m Running command: 'adb -s CVH7N16130000820 shell am instrument -w io.appium.uiautomator2.server.test/android.support.test.runner.AndroidJUnitRunner'
[35m[UiAutomator2][39m Waiting up to 20000ms for UiAutomator2 to be online...
[debug] [35m[JSONWP Proxy][39m Proxying [GET /status] to [GET http://localhost:8202/wd/hub/status] with no body
[debug] [35m[JSONWP Proxy][39m Proxying [GET /status] to [GET http://localhost:8202/wd/hub/status] with no body
[debug] [35m[JSONWP Proxy][39m Proxying [GET /status] to [GET http://localhost:8202/wd/hub/status] with no body
[debug] [35m[JSONWP Proxy][39m Proxying [GET /status] to [GET http://localhost:8202/wd/hub/status] with no body
[debug] [35m[JSONWP Proxy][39m Got response with status 200: "{\"sessionId\":\"SESSIONID\",\"status\":0,\"value\":\"Status Invoked\"}"
[debug] [35m[JSONWP Proxy][39m Proxying [POST /session] to [POST http://localhost:8202/wd/hub/session] with body: {"desiredCapabilities":{"platform":"ANDROID","webStorageEnabled":false,"takesScreenshot":true,"javascriptEnabled":true,"databaseEnabled":false,"networkConnectionEnabled":true,"locationContextEnabled":false,"warnings":{},"desired":{"app":"C:\\Users\\netzon.rhobert\\Desktop\\Gycom\\psapp-debug.apk","autoGrantPermissions":true,"automationName":"uiautomator2","deviceName":"Huawei Nexus 6P (Android 7.1.2)","fullReset":false,"newCommandTimeout":1800,"noReset":true,"platform":"ANDROID","platformName":"Android","udid":"CVH7N16130000820"},"app":"C:\\Users\\netzon.rhobert\\Desktop\\Gycom\\psapp-debug.apk","autoGrantPermissions":true,"automationName":"uiautomator2","deviceName":"CVH7N16130000820","fullReset":false,"newCommandTimeout":1800,"noReset":true,"platformName":"Android","udid":"CVH7N16130000820","deviceUDID":"CVH7N16130000820","platformVersion":"7.1.2","deviceScreenSize":"1440x2560","deviceScreenDensity":560,"deviceModel":"Nexus 6P","deviceManufacturer":"Huawei","deviceApiLevel":25,"appPackage":"se.pond.psapp"}}
[debug] [35m[JSONWP Proxy][39m Got response with status 200: {"sessionId":"dcc5cacb-6f87-4e21-94bb-4ee37211449d","status":0,"value":"Created Session"}
[debug] [35m[ADB][39m Running 'C:\Users\netzon.rhobert\.katalon\tools\android_sdk\platform-tools\adb.exe -P 5037 -s CVH7N16130000820 shell dumpsys window'
[35m[AndroidDriver][39m Screen already unlocked, doing nothing
[35m[UiAutomator2][39m UiAutomator2 did not start the activity we were waiting for, 'se.pond.psapp/se.pond.psapp.splash.SplashActivity'. Starting it ourselves
[debug] [35m[ADB][39m Device API level: 25
[debug] [35m[ADB][39m Running 'C:\Users\netzon.rhobert\.katalon\tools\android_sdk\platform-tools\adb.exe -P 5037 -s CVH7N16130000820 shell am start -W -n se.pond.psapp/se.pond.psapp.splash.SplashActivity -S -a android.intent.action.MAIN -c android.intent.category.LAUNCHER -f 0x10200000'
[debug] [35m[ADB][39m Waiting up to 20000ms for activity matching pkg: 'se.pond.psapp' and activity: 'se.pond.psapp.splash.SplashActivity' to be focused
[debug] [35m[ADB][39m Possible activities, to be checked: 'se.pond.psapp.splash.SplashActivity', 'se.pond.psapp.se.pond.psapp.splash.SplashActivity'
[debug] [35m[ADB][39m Getting focused package and activity
[debug] [35m[ADB][39m Running 'C:\Users\netzon.rhobert\.katalon\tools\android_sdk\platform-tools\adb.exe -P 5037 -s CVH7N16130000820 shell dumpsys window windows'
[debug] [35m[ADB][39m Found package: 'se.pond.psapp' and fully qualified activity name : 'se.pond.psapp.splash.SplashActivity'
[debug] [35m[JSONWP Proxy][39m Proxying [GET /appium/device/pixel_ratio] to [GET http://localhost:8202/wd/hub/session/dcc5cacb-6f87-4e21-94bb-4ee37211449d/appium/device/pixel_ratio] with body: {}
[debug] [35m[JSONWP Proxy][39m Got response with status 200: "{\"sessionId\":\"dcc5cacb-6f87-4e21-94bb-4ee37211449d\",\"status\":0,\"value\":3.5}"
[debug] [35m[JSONWP Proxy][39m Proxying [GET /appium/device/system_bars] to [GET http://localhost:8202/wd/hub/session/dcc5cacb-6f87-4e21-94bb-4ee37211449d/appium/device/system_bars] with body: {}
[debug] [35m[JSONWP Proxy][39m Got response with status 200: "{\"sessionId\":\"dcc5cacb-6f87-4e21-94bb-4ee37211449d\",\"status\":0,\"value\":{\"statusBar\":84}}"
[debug] [35m[JSONWP Proxy][39m Proxying [GET /window/current/size] to [GET http://localhost:8202/wd/hub/session/dcc5cacb-6f87-4e21-94bb-4ee37211449d/window/current/size] with body: {}
[debug] [35m[JSONWP Proxy][39m Got response with status 200: "{\"sessionId\":\"dcc5cacb-6f87-4e21-94bb-4ee37211449d\",\"status\":0,\"value\":{\"height\":2392,\"width\":1440}}"
[35m[Appium][39m New AndroidUiautomator2Driver session created successfully, session f28c74ed-800e-4fbd-85a6-5b00742fef20 added to master session list
[debug] [35m[BaseDriver][39m Event 'newSessionStarted' logged at 1547521731650 (11:08:51 GMT+0800 (Singapore Standard Time))
[debug] [35m[MJSONWP][39m Responding to client with driver.createSession() result: {"platform":"ANDROID","webStorageEnabled":false,"takesScreenshot":true,"javascriptEnabled":true,"databaseEnabled":false,"networkConnectionEnabled":true,"locationContextEnabled":false,"warnings":{},"desired":{"app":"C:\\Users\\netzon.rhobert\\Desktop\\Gycom\\psapp-debug.apk","autoGrantPermissions":true,"automationName":"uiautomator2","deviceName":"Huawei Nexus 6P (Android 7.1.2)","fullReset":false,"newCommandTimeout":1800,"noReset":true,"platform":"ANDROID","platformName":"Android","udid":"CVH7N16130000820"},"app":"C:\\Users\\netzon.rhobert\\Desktop\\Gycom\\psapp-debug.apk","autoGrantPermissions":true,"automationName":"uiautomator2","deviceName":"CVH7N16130000820","fullReset":false,"newCommandTimeout":1800,"noReset":true,"platformName":"Android","udid":"CVH7N16130000820","deviceUDID":"CVH7N16130000820","platformVersion":"7.1.2","deviceScreenSize":"1440x2560","deviceScreenDensity":560,"deviceModel":"Nexus 6P","deviceManufacturer":"Huawei","deviceApiLevel":25,"appPackage":"se.pond.psapp","pixelRatio":3.5,"sta...
[35m[HTTP][39m [37m<-- POST /wd/hub/session [39m[32m200[39m [90m30708 ms - 1170[39m
[35m[HTTP][39m [90m[39m
[35m[HTTP][39m [37m-->[39m [37mGET[39m [37m/wd/hub/status[39m
[35m[HTTP][39m [90m{}[39m
[debug] [35m[W3C][39m Calling AppiumDriver.getStatus() with args: []
[debug] [35m[W3C][39m Responding to client with driver.getStatus() result: {"build":{"version":"1.8.1","revision":null}}
[35m[HTTP][39m [37m<-- GET /wd/hub/status [39m[32m200[39m [90m98 ms - 55[39m
[35m[HTTP][39m [90m[39m
[35m[HTTP][39m [37m-->[39m [37mPOST[39m [37m/wd/hub/session/f28c74ed-800e-4fbd-85a6-5b00742fef20/timeouts[39m
[35m[HTTP][39m [90m{"type":"implicit","ms":60000}[39m
[debug] [35m[W3C][39m Bad parameters: BadParametersError: Parameters were incorrect. We wanted "W3C protocol expects any of script, pageLoad or implicit to be set" and you sent {"type":"implicit","ms":60000}
[35m[HTTP][39m [37m<-- POST /wd/hub/session/f28c74ed-800e-4fbd-85a6-5b00742fef20/timeouts [39m[33m400[39m [90m28 ms - 5492[39m
[35m[HTTP][39m [90m[39m
[35m[HTTP][39m [37m-->[39m [37mGET[39m [37m/wd/hub/session/f28c74ed-800e-4fbd-85a6-5b00742fef20/source[39m
[35m[HTTP][39m [90m{}[39m
[35m[W3C][39m Driver proxy active, passing request on via HTTP proxy
[debug] [35m[JSONWP Proxy][39m Proxying [GET /wd/hub/session/f28c74ed-800e-4fbd-85a6-5b00742fef20/source] to [GET http://localhost:8202/wd/hub/session/dcc5cacb-6f87-4e21-94bb-4ee37211449d/source] with body: {}
[debug] [35m[JSONWP Proxy][39m Got response with status 200: "{\"sessionId\":\"dcc5cacb-6f87-4e21-94bb-4ee37211449d\",\"status\":0,\"value\":\"<?xml version=\\\"1.0\\\" encoding=\\\"UTF-8\\\"?><hierarchy rotation=\\\"0\\\"><android.widget.FrameLayout index=\\\"0\\\" text=\\\"\\\" class=\\\"android.widget.FrameLayout\\\" package=\\\"se.pond.psapp\\\" content-desc=\\\"\\\" checkable=\\\"false\\\" checked=\\\"false\\\" clickable=\\\"false\\\" enabled=\\\"true\\\" focusable=\\\"false\\\" focused=\\\"false\\\" scrollable=\\\"false\\\" long-clickable=\\\"false\\\" password=\\\"false\\\" selected=\\\"false\\\" bounds=\\\"[0,0][1440,2392]\\\" resource-id=\\\"\\\" instance=\\\"0\\\"><android.widget.LinearLayout index=\\\"0\\\" text=\\\"\\\" class=\\\"android.widget.LinearLayout\\\" package=\\\"se.pond.psapp\\\" content-desc=\\\"\\\" checkable=\\\"false\\\" checked=\\\"false\\\" clickable=\\\"false\\\" enabled=\\\"true\\\" focusable=\\\"false\\\" focused=\\\"false\\\" scrollable=\\\"false\\\" long-clickable=\\\"false\\\" password=\\\"false\\\" selected=\\\"false\\\" bounds=\\...
[35m[JSONWP Proxy][39m Replacing sessionId dcc5cacb-6f87-4e21-94bb-4ee37211449d with f28c74ed-800e-4fbd-85a6-5b00742fef20
[35m[HTTP][39m [37m<-- GET /wd/hub/session/f28c74ed-800e-4fbd-85a6-5b00742fef20/source [39m[32m200[39m [90m224 ms - 1821[39m
[35m[HTTP][39m [90m[39m
[35m[HTTP][39m [37m-->[39m [37mGET[39m [37m/wd/hub/session/f28c74ed-800e-4fbd-85a6-5b00742fef20/screenshot[39m
[35m[HTTP][39m [90m{}[39m
[debug] [35m[W3C][39m Calling AppiumDriver.getScreenshot() with args: ["f28c74ed-800e-4fbd-85a6-5b00742fef20"]
[debug] [35m[JSONWP Proxy][39m Proxying [GET /screenshot] to [GET http://localhost:8202/wd/hub/session/dcc5cacb-6f87-4e21-94bb-4ee37211449d/screenshot] with no body
[debug] [35m[JSONWP Proxy][39m Got response with status 200: "{\"sessionId\":\"dcc5cacb-6f87-4e21-94bb-4ee37211449d\",\"status\":0,\"value\":\"iVBORw0KGgoAAAANSUhEUgAABaAAAAoACAIAAADIlhKYAAAAA3NCSVQICAjb4U\\/gAAAgAElEQVR4\\nnOzdaZCc933Y+b6mp7vnPjE4iYPEQYD3BRK8RYmWREuhFdtS5NgVV2InqdQm5draqq19uy+2tnZT\\nSaUqiVW2d9eO4zN2LFuiTpMiLVEED5EECQIkcZ+DY+7p6enpY1\\/QZmiCIqd7nj7+M59P6YVF9\\/95\\nftAfkKa\\/eI74i7+6OwYAAAAQskSrBwAAAABYKYEDAAAACJ7AAQAAAARP4AAAAACCJ3AAAAAAwRM4\\nAAAAgOAJHAAAAEDwBA4AAAAgeAIHAAAAEDyBAwAAAAiewAEAAAAET+AAAAAAgidwAAAAAMETOAAA\\nAIDgCRwAAABA8AQOAAAAIHgCBwAAABA8gQMAAAAInsABAAAABE\\/gAAAAAIIncAAAAADBEzgAAACA\\n4AkcAAAAQPAEDgAAACB4AgcAAAAQPIEDAAAACJ7AAQAAAARP4AAAAACCJ3AAAAAAwRM4AAAAgOAJ\\nHAAAAEDwBA4AAAAgeAIHAAAAEDyBAwAAAAiewAEAAAAET+AAAAAAgidwAAAAAMETOAAAAIDgCRwA\\nAABA8AQOAAAAIHgCBwAAABA8gQMAAAAInsABAAAABE\\/gAAAAAIIncAAAAADBEzgAAACA4AkcAAAA\\nQPAEDgAAACB4AgcAAAAQPIEDAAAACJ7AAQAAAARP4AAAAACCJ3AAAAAAwRM4AAAAgOAJHAAAAEDw\\nBA4AAAAgeAIHAAAAEDyBAwAAAAiewAEAAAAET+AAAAAAgidwAAAAAMETOAAAAIDgCRwAAABA8AQO\\nAAAAIHgCBwAAABA8gQMAAAAInsABAAAABE\\/gAAAAAIIncAAAAADBEzgA...
[debug] [35m[MJSONWP][39m Responding to client with driver.getScreenshot() result: "iVBORw0KGgoAAAANSUhEUgAABaAAAAoACAIAAADIlhKYAAAAA3NCSVQICAjb4U/gAAAgAElEQVR4\nnOzdaZCc933Y+b6mp7vnPjE4iYPEQYD3BRK8RYmWREuhFdtS5NgVV2InqdQm5draqq19uy+2tnZT\nSaUqiVW2d9eO4zN2LFuiTpMiLVEED5EECQIkcZ+DY+7p6enpY1/QZmiCIqd7nj7+M59P6YVF9/95\nftAfkKa/eI74i7+6OwYAAAAQskSrBwAAAABYKYEDAAAACJ7AAQAAAARP4AAAAACCJ3AAAAAAwRM4\nAAAAgOAJHAAAAEDwBA4AAAAgeAIHAAAAEDyBAwAAAAiewAEAAAAET+AAAAAAgidwAAAAAMETOAAA\nAIDgCRwAAABA8AQOAAAAIHgCBwAAABA8gQMAAAAInsABAAAABE/gAAAAAIIncAAAAADBEzgAAACA\n4AkcAAAAQPAEDgAAACB4AgcAAAAQPIEDAAAACJ7AAQAAAARP4AAAAACCJ3AAAAAAwRM4AAAAgOAJ\nHAAAAEDwBA4AAAAgeAIHAAAAEDyBAwAAAAiewAEAAAAET+AAAAAAgidwAAAAAMETOAAAAIDgCRwA\nAABA8AQOAAAAIHgCBwAAABA8gQMAAAAInsABAAAABE/gAAAAAIIncAAAAADBEzgAAACA4AkcAAAA\nQPAEDgAAACB4AgcAAAAQPIEDAAAACJ7AAQAAAARP4AAAAACCJ3AAAAAAwRM4AAAAgOAJHAAAAEDw\nBA4AAAAgeAIHAAAAEDyBAwAAAAiewAEAAAAET+AAAAAAgidwAAAAAMETOAAAAIDgCRwAAABA8AQO\nAAAAIHgCBwAAABA8gQMAAAAInsABAAAABE/gAAAAAIIncAAAAADBEzgAAACA4AkcAAAAQPAEDgAA\nACB4AgcAAAAQPIEDAAAACJ7AAQAAAARP4AAAAACCJ3AAAAAAwRM4AAAAgOAJHAAAAEDwBA4AAAAg\neAIHAA...
[35m[HTTP][39m [37m<-- GET /wd/hub/session/f28c74ed-800e-4fbd-85a6-5b00742fef20/screenshot [39m[32m200[39m [90m557 ms - 51170[39m
[35m[HTTP][39m [90m[39m
[35m[HTTP][39m [37m-->[39m [37mGET[39m [37m/wd/hub/session/f28c74ed-800e-4fbd-85a6-5b00742fef20/source[39m
[35m[HTTP][39m [90m{}[39m
[35m[W3C][39m Driver proxy active, passing request on via HTTP proxy
[debug] [35m[JSONWP Proxy][39m Proxying [GET /wd/hub/session/f28c74ed-800e-4fbd-85a6-5b00742fef20/source] to [GET http://localhost:8202/wd/hub/session/dcc5cacb-6f87-4e21-94bb-4ee37211449d/source] with body: {}
[debug] [35m[JSONWP Proxy][39m Got response with status 200: "{\"sessionId\":\"dcc5cacb-6f87-4e21-94bb-4ee37211449d\",\"status\":0,\"value\":\"<?xml version=\\\"1.0\\\" encoding=\\\"UTF-8\\\"?><hierarchy rotation=\\\"0\\\"><android.widget.FrameLayout index=\\\"0\\\" text=\\\"\\\" class=\\\"android.widget.FrameLayout\\\" package=\\\"se.pond.psapp\\\" content-desc=\\\"\\\" checkable=\\\"false\\\" checked=\\\"false\\\" clickable=\\\"false\\\" enabled=\\\"true\\\" focusable=\\\"false\\\" focused=\\\"false\\\" scrollable=\\\"false\\\" long-clickable=\\\"false\\\" password=\\\"false\\\" selected=\\\"false\\\" bounds=\\\"[0,0][1440,2392]\\\" resource-id=\\\"\\\" instance=\\\"0\\\"><android.widget.LinearLayout index=\\\"0\\\" text=\\\"\\\" class=\\\"android.widget.LinearLayout\\\" package=\\\"se.pond.psapp\\\" content-desc=\\\"\\\" checkable=\\\"false\\\" checked=\\\"false\\\" clickable=\\\"false\\\" enabled=\\\"true\\\" focusable=\\\"false\\\" focused=\\\"false\\\" scrollable=\\\"false\\\" long-clickable=\\\"false\\\" password=\\\"false\\\" selected=\\\"false\\\" bounds=\\...
[35m[JSONWP Proxy][39m Replacing sessionId dcc5cacb-6f87-4e21-94bb-4ee37211449d with f28c74ed-800e-4fbd-85a6-5b00742fef20
[35m[HTTP][39m [37m<-- GET /wd/hub/session/f28c74ed-800e-4fbd-85a6-5b00742fef20/source [39m[32m200[39m [90m200 ms - 26478[39m
[35m[HTTP][39m [90m[39m
[35m[HTTP][39m [37m-->[39m [37mGET[39m [37m/wd/hub/session/f28c74ed-800e-4fbd-85a6-5b00742fef20/screenshot[39m
[35m[HTTP][39m [90m{}[39m
[debug] [35m[W3C][39m Calling AppiumDriver.getScreenshot() with args: ["f28c74ed-800e-4fbd-85a6-5b00742fef20"]
[debug] [35m[JSONWP Proxy][39m Proxying [GET /screenshot] to [GET http://localhost:8202/wd/hub/session/dcc5cacb-6f87-4e21-94bb-4ee37211449d/screenshot] with no body
[debug] [35m[JSONWP Proxy][39m Got response with status 200: "{\"sessionId\":\"dcc5cacb-6f87-4e21-94bb-4ee37211449d\",\"status\":0,\"value\":\"iVBORw0KGgoAAAANSUhEUgAABaAAAAoACAIAAADIlhKYAAAAA3NCSVQICAjb4U\\/gAAAgAElEQVR4\\nnOx9aZLtuqqmyNjzr1nVEGo0L5L6YTU0HwjZXpl5Kop77k4vWwKE6IRtmf7P\\/\\/5frQNRa61RW0Ct\\nNebGPH9Sa41WGx6H1FgiWd09MLfR+EKhWrI4Q42YmwFavVojhYpaIyL+tjgdCnHJE3AnHPFLTtfY\\niR2hiZJnL99IsGzOOI5ItPXckmpGX6pLETpJHqS52SF8WWZOSUR01YAolr7SEHcUE1iKcsKXZYsk\\nrs\\/BWyS4j2AqoDCIbmBeIInRcEHURcY8CGfSr1PWHGKUgzV916XvEInyKQjJnoOsT58MapLdTplX\\nIzK9ubXWmOGUaB96zSgyEddZMHDR+x4W8tWlwFZOTN5L+VGaiZgDQ+xDfaJ5nnXbHl0mAZaXQo2t\\nsUxIkgFMJ+kcdKckvc08YupuTvcSYfUZcCDOIRy2MY7ou7VGc4JSNri3W8J386rmRcuTGjNZJ9+W\\nclwBXslmsK0mjzvbzOunGWnLReqdAzdu1LiHW+LLQKcR8UhUqPE1scxM09AWLSNbGTt55jrUZFvv\\nboaMvy23VtphIrFoXowRD2Q0WHVTx0M\\/NG9yvkTuoWUrWJSHAwtdEXMaAgzDky43Xg7DmIpPeQwP\\nZPMI5THVLJFK\\/fr5bzngngKvXpJGzsekrgegZoxloCJeaXNbdPtc9aMlwstdUVeSESyYx+CXEOwg\\nr4Zu6Nz762Gw+qVPdYtQaSJ3vTXubfKoVcD79yYZGGMX59aoxkBmW559lmPi+X89AOuAWVGe87Cs\\nof9vndfCWKrOM4T6ETXTXU7WBd9i4K01avS90vDuOnj+Mt5ynhH0WMuZl0...
[debug] [35m[MJSONWP][39m Responding to client with driver.getScreenshot() result: "iVBORw0KGgoAAAANSUhEUgAABaAAAAoACAIAAADIlhKYAAAAA3NCSVQICAjb4U/gAAAgAElEQVR4\nnOx9aZLtuqqmyNjzr1nVEGo0L5L6YTU0HwjZXpl5Kop77k4vWwKE6IRtmf7P//5frQNRa61RW0Ct\nNebGPH9Sa41WGx6H1FgiWd09MLfR+EKhWrI4Q42YmwFavVojhYpaIyL+tjgdCnHJE3AnHPFLTtfY\niR2hiZJnL99IsGzOOI5ItPXckmpGX6pLETpJHqS52SF8WWZOSUR01YAolr7SEHcUE1iKcsKXZYsk\nrs/BWyS4j2AqoDCIbmBeIInRcEHURcY8CGfSr1PWHGKUgzV916XvEInyKQjJnoOsT58MapLdTplX\nIzK9ubXWmOGUaB96zSgyEddZMHDR+x4W8tWlwFZOTN5L+VGaiZgDQ+xDfaJ5nnXbHl0mAZaXQo2t\nsUxIkgFMJ+kcdKckvc08YupuTvcSYfUZcCDOIRy2MY7ou7VGc4JSNri3W8J386rmRcuTGjNZJ9+W\nclwBXslmsK0mjzvbzOunGWnLReqdAzdu1LiHW+LLQKcR8UhUqPE1scxM09AWLSNbGTt55jrUZFvv\nboaMvy23VtphIrFoXowRD2Q0WHVTx0M/NG9yvkTuoWUrWJSHAwtdEXMaAgzDky43Xg7DmIpPeQwP\nZPMI5THVLJFK/fr5bzngngKvXpJGzsekrgegZoxloCJeaXNbdPtc9aMlwstdUVeSESyYx+CXEOwg\nr4Zu6Nz762Gw+qVPdYtQaSJ3vTXubfKoVcD79yYZGGMX59aoxkBmW559lmPi+X89AOuAWVGe87Cs\nof9vndfCWKrOM4T6ETXTXU7WBd9i4K01avS90vDuOnj+Mt5ynhH0WMuZl0iavMDTToa0jR40MxFy\nZFK0dvCKGcmEx69+uBzD4o0NMOZgqZ6bkj2Q1TiAVrTWnUcS9W01iKZMV55F6k9r0g9cfa0ajrhs\nBwiWs+...
[35m[HTTP][39m [37m<-- GET /wd/hub/session/f28c74ed-800e-4fbd-85a6-5b00742fef20/screenshot [39m[32m200[39m [90m2916 ms - 2673082[39m
[35m[HTTP][39m [90m[39m
[35m[HTTP][39m [37m-->[39m [37mGET[39m [37m/wd/hub/session/f28c74ed-800e-4fbd-85a6-5b00742fef20/window/current/size[39m
[35m[HTTP][39m [90m{}[39m
[35m[W3C][39m Driver proxy active, passing request on via HTTP proxy
[debug] [35m[JSONWP Proxy][39m Proxying [GET /wd/hub/session/f28c74ed-800e-4fbd-85a6-5b00742fef20/window/current/size] to [GET http://localhost:8202/wd/hub/session/dcc5cacb-6f87-4e21-94bb-4ee37211449d/window/current/size] with body: {}
[debug] [35m[JSONWP Proxy][39m Got response with status 200: "{\"sessionId\":\"dcc5cacb-6f87-4e21-94bb-4ee37211449d\",\"status\":0,\"value\":{\"height\":2392,\"width\":1440}}"
[35m[JSONWP Proxy][39m Replacing sessionId dcc5cacb-6f87-4e21-94bb-4ee37211449d with f28c74ed-800e-4fbd-85a6-5b00742fef20
[35m[HTTP][39m [37m<-- GET /wd/hub/session/f28c74ed-800e-4fbd-85a6-5b00742fef20/window/current/size [39m[32m200[39m [90m68 ms - 100[39m
[35m[HTTP][39m [90m[39m
[35m[HTTP][39m [37m-->[39m [37mPOST[39m [37m/wd/hub/session/f28c74ed-800e-4fbd-85a6-5b00742fef20/elements[39m
[35m[HTTP][39m [90m{"using":"xpath","value":"//hierarchy/android.widget.FrameLayout[1]/android.widget.LinearLayout[1]/android.widget.FrameLayout[1]/android.widget.RelativeLayout[1]/android.support.v4.widget.SlidingPaneLayout[1]/android.widget.RelativeLayout[1]/android.widget.ScrollView[1]/android.widget.LinearLayout[1]/android.widget.LinearLayout[2]/android.widget.ImageView[1]"}[39m
[debug] [35m[W3C][39m Calling AppiumDriver.findElements() with args: ["xpath","//hierarchy/android.widget.FrameLayout[1]/android.widget.LinearLayout[1]/android.widget.FrameLayout[1]/android.widget.RelativeLayout[1]/android.support.v4.widget.SlidingPaneLayout[1]/android.widget.RelativeLayout[1]/android.widget.ScrollView[1]/android.widget.LinearLayout[1]/android.widget.LinearLayout[2]/android.widget.ImageView[1]","f28c74ed-800e-4fbd-85a6-5b00742fef20"]
[debug] [35m[BaseDriver][39m Valid locator strategies for this request: xpath, id, class name, accessibility id, -android uiautomator
[debug] [35m[BaseDriver][39m Waiting up to 0 ms for condition
[debug] [35m[JSONWP Proxy][39m Proxying [POST /elements] to [POST http://localhost:8202/wd/hub/session/dcc5cacb-6f87-4e21-94bb-4ee37211449d/elements] with body: {"strategy":"xpath","selector":"//hierarchy/android.widget.FrameLayout[1]/android.widget.LinearLayout[1]/android.widget.FrameLayout[1]/android.widget.RelativeLayout[1]/android.support.v4.widget.SlidingPaneLayout[1]/android.widget.RelativeLayout[1]/android.widget.ScrollView[1]/android.widget.LinearLayout[1]/android.widget.LinearLayout[2]/android.widget.ImageView[1]","context":"","multiple":true}
[debug] [35m[JSONWP Proxy][39m Got response with status 200: {"sessionId":"dcc5cacb-6f87-4e21-94bb-4ee37211449d","status":0,"value":[{"ELEMENT":"86ff4814-328c-465e-ac05-3014caae984a"}]}
[debug] [35m[MJSONWP][39m Responding to client with driver.findElements() result: [{"ELEMENT":"86ff4814-328c-465e-ac05-3014caae984a"}]
[35m[HTTP][39m [37m<-- POST /wd/hub/session/f28c74ed-800e-4fbd-85a6-5b00742fef20/elements [39m[32m200[39m [90m202 ms - 124[39m
[35m[HTTP][39m [90m[39m
[35m[HTTP][39m [37m-->[39m [37mGET[39m [37m/wd/hub/session/f28c74ed-800e-4fbd-85a6-5b00742fef20[39m
[35m[HTTP][39m [90m{}[39m
[debug] [35m[W3C][39m Calling AppiumDriver.getSession() with args: ["f28c74ed-800e-4fbd-85a6-5b00742fef20"]
[debug] [35m[UiAutomator2][39m Getting session details from server to mix in
[debug] [35m[JSONWP Proxy][39m Proxying [GET /] to [GET http://localhost:8202/wd/hub/session/dcc5cacb-6f87-4e21-94bb-4ee37211449d] with body: {}
[debug] [35m[JSONWP Proxy][39m Got response with status 200: "{\"sessionId\":\"dcc5cacb-6f87-4e21-94bb-4ee37211449d\",\"status\":0,\"value\":{}}"
[debug] [35m[MJSONWP][39m Responding to client with driver.getSession() result: {"platform":"ANDROID","webStorageEnabled":false,"takesScreenshot":true,"javascriptEnabled":true,"databaseEnabled":false,"networkConnectionEnabled":true,"locationContextEnabled":false,"warnings":{},"desired":{"app":"C:\\Users\\netzon.rhobert\\Desktop\\Gycom\\psapp-debug.apk","autoGrantPermissions":true,"automationName":"uiautomator2","deviceName":"Huawei Nexus 6P (Android 7.1.2)","fullReset":false,"newCommandTimeout":1800,"noReset":true,"platform":"ANDROID","platformName":"Android","udid":"CVH7N16130000820"},"app":"C:\\Users\\netzon.rhobert\\Desktop\\Gycom\\psapp-debug.apk","autoGrantPermissions":true,"automationName":"uiautomator2","deviceName":"CVH7N16130000820","fullReset":false,"newCommandTimeout":1800,"noReset":true,"platformName":"Android","udid":"CVH7N16130000820","deviceUDID":"CVH7N16130000820","platformVersion":"7.1.2","deviceScreenSize":"1440x2560","deviceScreenDensity":560,"deviceModel":"Nexus 6P","deviceManufacturer":"Huawei","deviceApiLevel":25,"appPackage":"se.pond.psapp","pixelRatio":3.5,"sta...
[35m[HTTP][39m [37m<-- GET /wd/hub/session/f28c74ed-800e-4fbd-85a6-5b00742fef20 [39m[32m200[39m [90m25 ms - 1170[39m
[35m[HTTP][39m [90m[39m
[35m[HTTP][39m [37m-->[39m [37mGET[39m [37m/wd/hub/session/f28c74ed-800e-4fbd-85a6-5b00742fef20[39m
[35m[HTTP][39m [90m{}[39m
[debug] [35m[W3C][39m Calling AppiumDriver.getSession() with args: ["f28c74ed-800e-4fbd-85a6-5b00742fef20"]
[debug] [35m[UiAutomator2][39m Getting session details from server to mix in
[debug] [35m[JSONWP Proxy][39m Proxying [GET /] to [GET http://localhost:8202/wd/hub/session/dcc5cacb-6f87-4e21-94bb-4ee37211449d] with body: {}
[debug] [35m[JSONWP Proxy][39m Got response with status 200: "{\"sessionId\":\"dcc5cacb-6f87-4e21-94bb-4ee37211449d\",\"status\":0,\"value\":{}}"
[debug] [35m[MJSONWP][39m Responding to client with driver.getSession() result: {"platform":"ANDROID","webStorageEnabled":false,"takesScreenshot":true,"javascriptEnabled":true,"databaseEnabled":false,"networkConnectionEnabled":true,"locationContextEnabled":false,"warnings":{},"desired":{"app":"C:\\Users\\netzon.rhobert\\Desktop\\Gycom\\psapp-debug.apk","autoGrantPermissions":true,"automationName":"uiautomator2","deviceName":"Huawei Nexus 6P (Android 7.1.2)","fullReset":false,"newCommandTimeout":1800,"noReset":true,"platform":"ANDROID","platformName":"Android","udid":"CVH7N16130000820"},"app":"C:\\Users\\netzon.rhobert\\Desktop\\Gycom\\psapp-debug.apk","autoGrantPermissions":true,"automationName":"uiautomator2","deviceName":"CVH7N16130000820","fullReset":false,"newCommandTimeout":1800,"noReset":true,"platformName":"Android","udid":"CVH7N16130000820","deviceUDID":"CVH7N16130000820","platformVersion":"7.1.2","deviceScreenSize":"1440x2560","deviceScreenDensity":560,"deviceModel":"Nexus 6P","deviceManufacturer":"Huawei","deviceApiLevel":25,"appPackage":"se.pond.psapp","pixelRatio":3.5,"sta...
[35m[HTTP][39m [37m<-- GET /wd/hub/session/f28c74ed-800e-4fbd-85a6-5b00742fef20 [39m[32m200[39m [90m27 ms - 1170[39m
[35m[HTTP][39m [90m[39m
[35m[HTTP][39m [37m-->[39m [37mGET[39m [37m/wd/hub/session/f28c74ed-800e-4fbd-85a6-5b00742fef20[39m
[35m[HTTP][39m [90m{}[39m
[debug] [35m[W3C][39m Calling AppiumDriver.getSession() with args: ["f28c74ed-800e-4fbd-85a6-5b00742fef20"]
[debug] [35m[UiAutomator2][39m Getting session details from server to mix in
[debug] [35m[JSONWP Proxy][39m Proxying [GET /] to [GET http://localhost:8202/wd/hub/session/dcc5cacb-6f87-4e21-94bb-4ee37211449d] with body: {}
[debug] [35m[JSONWP Proxy][39m Got response with status 200: "{\"sessionId\":\"dcc5cacb-6f87-4e21-94bb-4ee37211449d\",\"status\":0,\"value\":{}}"
[debug] [35m[MJSONWP][39m Responding to client with driver.getSession() result: {"platform":"ANDROID","webStorageEnabled":false,"takesScreenshot":true,"javascriptEnabled":true,"databaseEnabled":false,"networkConnectionEnabled":true,"locationContextEnabled":false,"warnings":{},"desired":{"app":"C:\\Users\\netzon.rhobert\\Desktop\\Gycom\\psapp-debug.apk","autoGrantPermissions":true,"automationName":"uiautomator2","deviceName":"Huawei Nexus 6P (Android 7.1.2)","fullReset":false,"newCommandTimeout":1800,"noReset":true,"platform":"ANDROID","platformName":"Android","udid":"CVH7N16130000820"},"app":"C:\\Users\\netzon.rhobert\\Desktop\\Gycom\\psapp-debug.apk","autoGrantPermissions":true,"automationName":"uiautomator2","deviceName":"CVH7N16130000820","fullReset":false,"newCommandTimeout":1800,"noReset":true,"platformName":"Android","udid":"CVH7N16130000820","deviceUDID":"CVH7N16130000820","platformVersion":"7.1.2","deviceScreenSize":"1440x2560","deviceScreenDensity":560,"deviceModel":"Nexus 6P","deviceManufacturer":"Huawei","deviceApiLevel":25,"appPackage":"se.pond.psapp","pixelRatio":3.5,"sta...
[35m[HTTP][39m [37m<-- GET /wd/hub/session/f28c74ed-800e-4fbd-85a6-5b00742fef20 [39m[32m200[39m [90m30 ms - 1170[39m
[35m[HTTP][39m [90m[39m
[35m[HTTP][39m [37m-->[39m [37mGET[39m [37m/wd/hub/session/f28c74ed-800e-4fbd-85a6-5b00742fef20[39m
[35m[HTTP][39m [90m{}[39m
[debug] [35m[W3C][39m Calling AppiumDriver.getSession() with args: ["f28c74ed-800e-4fbd-85a6-5b00742fef20"]
[debug] [35m[UiAutomator2][39m Getting session details from server to mix in
[debug] [35m[JSONWP Proxy][39m Proxying [GET /] to [GET http://localhost:8202/wd/hub/session/dcc5cacb-6f87-4e21-94bb-4ee37211449d] with body: {}
[debug] [35m[JSONWP Proxy][39m Got response with status 200: "{\"sessionId\":\"dcc5cacb-6f87-4e21-94bb-4ee37211449d\",\"status\":0,\"value\":{}}"
[debug] [35m[MJSONWP][39m Responding to client with driver.getSession() result: {"platform":"ANDROID","webStorageEnabled":false,"takesScreenshot":true,"javascriptEnabled":true,"databaseEnabled":false,"networkConnectionEnabled":true,"locationContextEnabled":false,"warnings":{},"desired":{"app":"C:\\Users\\netzon.rhobert\\Desktop\\Gycom\\psapp-debug.apk","autoGrantPermissions":true,"automationName":"uiautomator2","deviceName":"Huawei Nexus 6P (Android 7.1.2)","fullReset":false,"newCommandTimeout":1800,"noReset":true,"platform":"ANDROID","platformName":"Android","udid":"CVH7N16130000820"},"app":"C:\\Users\\netzon.rhobert\\Desktop\\Gycom\\psapp-debug.apk","autoGrantPermissions":true,"automationName":"uiautomator2","deviceName":"CVH7N16130000820","fullReset":false,"newCommandTimeout":1800,"noReset":true,"platformName":"Android","udid":"CVH7N16130000820","deviceUDID":"CVH7N16130000820","platformVersion":"7.1.2","deviceScreenSize":"1440x2560","deviceScreenDensity":560,"deviceModel":"Nexus 6P","deviceManufacturer":"Huawei","deviceApiLevel":25,"appPackage":"se.pond.psapp","pixelRatio":3.5,"sta...
[35m[HTTP][39m [37m<-- GET /wd/hub/session/f28c74ed-800e-4fbd-85a6-5b00742fef20 [39m[32m200[39m [90m28 ms - 1170[39m
[35m[HTTP][39m [90m[39m
[35m[HTTP][39m [37m-->[39m [37mGET[39m [37m/wd/hub/session/f28c74ed-800e-4fbd-85a6-5b00742fef20/element/86ff4814-328c-465e-ac05-3014caae984a/location[39m
[35m[HTTP][39m [90m{}[39m
[35m[W3C][39m Driver proxy active, passing request on via HTTP proxy
[debug] [35m[JSONWP Proxy][39m Proxying [GET /wd/hub/session/f28c74ed-800e-4fbd-85a6-5b00742fef20/element/86ff4814-328c-465e-ac05-3014caae984a/location] to [GET http://localhost:8202/wd/hub/session/dcc5cacb-6f87-4e21-94bb-4ee37211449d/element/86ff4814-328c-465e-ac05-3014caae984a/location] with body: {}
[debug] [35m[JSONWP Proxy][39m Got response with status 200: "{\"sessionId\":\"dcc5cacb-6f87-4e21-94bb-4ee37211449d\",\"status\":0,\"value\":{\"x\":597,\"y\":560}}"
[35m[JSONWP Proxy][39m Replacing sessionId dcc5cacb-6f87-4e21-94bb-4ee37211449d with f28c74ed-800e-4fbd-85a6-5b00742fef20
[35m[HTTP][39m [37m<-- GET /wd/hub/session/f28c74ed-800e-4fbd-85a6-5b00742fef20/element/86ff4814-328c-465e-ac05-3014caae984a/location [39m[32m200[39m [90m46 ms - 89[39m
[35m[HTTP][39m [90m[39m
[35m[HTTP][39m [37m-->[39m [37mPOST[39m [37m/wd/hub/session/f28c74ed-800e-4fbd-85a6-5b00742fef20/touch/perform[39m
[35m[HTTP][39m [90m{"actions":[{"action":"tap","options":{"element":"86ff4814-328c-465e-ac05-3014caae984a","x":1,"y":1}}]}[39m
[debug] [35m[W3C][39m Calling AppiumDriver.performTouch() with args: [[{"action":"tap","options":{"element":"86ff4814-328c-465e-ac05-3014caae984a","x":1,"y":1}}],"f28c74ed-800e-4fbd-85a6-5b00742fef20"]
[35m[UiAutomator2][39m calling get location: 86ff4814-328c-465e-ac05-3014caae984a
[debug] [35m[JSONWP Proxy][39m Proxying [GET /element/86ff4814-328c-465e-ac05-3014caae984a/location] to [GET http://localhost:8202/wd/hub/session/dcc5cacb-6f87-4e21-94bb-4ee37211449d/element/86ff4814-328c-465e-ac05-3014caae984a/location] with body: {}
[debug] [35m[JSONWP Proxy][39m Got response with status 200: "{\"sessionId\":\"dcc5cacb-6f87-4e21-94bb-4ee37211449d\",\"status\":0,\"value\":{\"x\":597,\"y\":560}}"
[debug] [35m[JSONWP Proxy][39m Proxying [POST /element/86ff4814-328c-465e-ac05-3014caae984a/click] to [POST http://localhost:8202/wd/hub/session/dcc5cacb-6f87-4e21-94bb-4ee37211449d/element/86ff4814-328c-465e-ac05-3014caae984a/click] with body: {"element":"86ff4814-328c-465e-ac05-3014caae984a","x":598,"y":561}
[debug] [35m[JSONWP Proxy][39m Got response with status 200: {"sessionId":"dcc5cacb-6f87-4e21-94bb-4ee37211449d","status":0,"value":true}
[debug] [35m[MJSONWP][39m Responding to client with driver.performTouch() result: null
[35m[HTTP][39m [37m<-- POST /wd/hub/session/f28c74ed-800e-4fbd-85a6-5b00742fef20/touch/perform [39m[32m200[39m [90m83 ms - 76[39m
[35m[HTTP][39m [90m[39m
[35m[HTTP][39m [37m-->[39m [37mGET[39m [37m/wd/hub/session/f28c74ed-800e-4fbd-85a6-5b00742fef20/source[39m
[35m[HTTP][39m [90m{}[39m
[35m[W3C][39m Driver proxy active, passing request on via HTTP proxy
[debug] [35m[JSONWP Proxy][39m Proxying [GET /wd/hub/session/f28c74ed-800e-4fbd-85a6-5b00742fef20/source] to [GET http://localhost:8202/wd/hub/session/dcc5cacb-6f87-4e21-94bb-4ee37211449d/source] with body: {}
[debug] [35m[JSONWP Proxy][39m Got response with status 200: "{\"sessionId\":\"dcc5cacb-6f87-4e21-94bb-4ee37211449d\",\"status\":0,\"value\":\"<?xml version=\\\"1.0\\\" encoding=\\\"UTF-8\\\"?><hierarchy rotation=\\\"0\\\"><android.widget.FrameLayout index=\\\"0\\\" text=\\\"\\\" class=\\\"android.widget.FrameLayout\\\" package=\\\"se.pond.psapp\\\" content-desc=\\\"\\\" checkable=\\\"false\\\" checked=\\\"false\\\" clickable=\\\"false\\\" enabled=\\\"true\\\" focusable=\\\"false\\\" focused=\\\"false\\\" scrollable=\\\"false\\\" long-clickable=\\\"false\\\" password=\\\"false\\\" selected=\\\"false\\\" bounds=\\\"[0,0][1440,2392]\\\" resource-id=\\\"\\\" instance=\\\"0\\\"><android.widget.LinearLayout index=\\\"0\\\" text=\\\"\\\" class=\\\"android.widget.LinearLayout\\\" package=\\\"se.pond.psapp\\\" content-desc=\\\"\\\" checkable=\\\"false\\\" checked=\\\"false\\\" clickable=\\\"false\\\" enabled=\\\"true\\\" focusable=\\\"false\\\" focused=\\\"false\\\" scrollable=\\\"false\\\" long-clickable=\\\"false\\\" password=\\\"false\\\" selected=\\\"false\\\" bounds=\\...
[35m[JSONWP Proxy][39m Replacing sessionId dcc5cacb-6f87-4e21-94bb-4ee37211449d with f28c74ed-800e-4fbd-85a6-5b00742fef20
[35m[HTTP][39m [37m<-- GET /wd/hub/session/f28c74ed-800e-4fbd-85a6-5b00742fef20/source [39m[32m200[39m [90m1021 ms - 8887[39m
[35m[HTTP][39m [90m[39m
[35m[HTTP][39m [37m-->[39m [37mGET[39m [37m/wd/hub/session/f28c74ed-800e-4fbd-85a6-5b00742fef20/screenshot[39m
[35m[HTTP][39m [90m{}[39m
[debug] [35m[W3C][39m Calling AppiumDriver.getScreenshot() with args: ["f28c74ed-800e-4fbd-85a6-5b00742fef20"]
[debug] [35m[JSONWP Proxy][39m Proxying [GET /screenshot] to [GET http://localhost:8202/wd/hub/session/dcc5cacb-6f87-4e21-94bb-4ee37211449d/screenshot] with no body
[debug] [35m[JSONWP Proxy][39m Got response with status 200: "{\"sessionId\":\"dcc5cacb-6f87-4e21-94bb-4ee37211449d\",\"status\":0,\"value\":\"iVBORw0KGgoAAAANSUhEUgAABaAAAAoACAIAAADIlhKYAAAAA3NCSVQICAjb4U\\/gAAAgAElEQVR4\\nnOzdeXxU9b344ZlJQhJiwhK2gKUKClYsi6UqSi1W3KBaFWuvbd1aVwR3bau2ve2tu3YRd1u1va1W\\nrYorarWAC4KAOwoIFFASdkhCyD7z+4Nef2ommGWSyRef59U\\/8Czf89HGZd7MOSc6b968CAAAAEDI\\nYukeAAAAAKC1BA4AAAAgeJm9e\\/VM9wwAwBdKNBJJfPoXKTm+3ZbtIGOkZNkOO0ZaljVGEGP42TNG\\nK483Rlss29ztbbRsNFpTVdmE6wEAAAB0XG5RAQAAAIIncAAAAADBEzgAAACA4AkcAAAAQPAEDgAA\\nACB4AgcAAAAQPIEDAAAACJ7AAQAAAARP4AAAAACCJ3AAAAAAwRM4AAAAgOAJHAAAAEDwBA4AAAAg\\neAIHAAAAEDyBAwAAAAiewAEAAAAET+AAAAAAgidwAAAAAMETOAAAAIDgCRwAAABA8AQOAAAAIHgC\\nBwAAABA8gQMAAAAInsABAAAABE\\/gAAAAAIIncAAAAADBEzgAAACA4AkcAAAAQPAEDgAAACB4AgcA\\nAAAQPIEDAAAACJ7AAQAAAARP4AAAAACCJ3AAAAAAwRM4AAAAgOAJHAAAAEDwBA4AAAAgeAIHAAAA\\nEDyBAwAAAAiewAEAAAAET+AAAAAAgidwAAAAAMETOAAAAIDgCRwAAABA8AQOAAAAIHgCBwAAABA8\\ngQMAAAAInsABAAAABE\\/gAAAAAIIncAAAAADBEzgAAACA4AkcAAAAQPAEDgAAACB4AgcAAAAQPIED\\nAAAACJ7AAQAAAARP4AAAAACCJ3AAAAAAwRM4AAAAgOAJHAAAAEDwBA4AAAAg...
[debug] [35m[MJSONWP][39m Responding to client with driver.getScreenshot() result: "iVBORw0KGgoAAAANSUhEUgAABaAAAAoACAIAAADIlhKYAAAAA3NCSVQICAjb4U/gAAAgAElEQVR4\nnOzdeXxU9b344ZlJQhJiwhK2gKUKClYsi6UqSi1W3KBaFWuvbd1aVwR3bau2ve2tu3YRd1u1va1W\nrYorarWAC4KAOwoIFFASdkhCyD7z+4Nef2ommGWSyRef59U/8Czf89HGZd7MOSc6b968CAAAAEDI\nYukeAAAAAKC1BA4AAAAgeJm9e/VM9wwAwBdKNBJJfPoXKTm+3ZbtIGOkZNkOO0ZaljVGEGP42TNG\nK483Rlss29ztbbRsNFpTVdmE6wEAAAB0XG5RAQAAAIIncAAAAADBEzgAAACA4AkcAAAAQPAEDgAA\nACB4AgcAAAAQPIEDAAAACJ7AAQAAAARP4AAAAACCJ3AAAAAAwRM4AAAAgOAJHAAAAEDwBA4AAAAg\neAIHAAAAEDyBAwAAAAiewAEAAAAET+AAAAAAgidwAAAAAMETOAAAAIDgCRwAAABA8AQOAAAAIHgC\nBwAAABA8gQMAAAAInsABAAAABE/gAAAAAIIncAAAAADBEzgAAACA4AkcAAAAQPAEDgAAACB4AgcA\nAAAQPIEDAAAACJ7AAQAAAARP4AAAAACCJ3AAAAAAwRM4AAAAgOAJHAAAAEDwBA4AAAAgeAIHAAAA\nEDyBAwAAAAiewAEAAAAET+AAAAAAgidwAAAAAMETOAAAAIDgCRwAAABA8AQOAAAAIHgCBwAAABA8\ngQMAAAAInsABAAAABE/gAAAAAIIncAAAAADBEzgAAACA4AkcAAAAQPAEDgAAACB4AgcAAAAQPIED\nAAAACJ7AAQAAAARP4AAAAACCJ3AAAAAAwRM4AAAAgOAJHAAAAEDwBA4AAAAgeAIHAAAAEDyBAwAA\nAAiewAEAAAAET+AAAAAAgidwAAAAAMETOAAAAIDgCRwAAABA8AQOAAAAIHgCBwAAABA8gQMAAAAI\nnsABAA...
[35m[HTTP][39m [37m<-- GET /wd/hub/session/f28c74ed-800e-4fbd-85a6-5b00742fef20/screenshot [39m[32m200[39m [90m688 ms - 259672[39m
[35m[HTTP][39m [90m[39m
[35m[HTTP][39m [37m-->[39m [37mGET[39m [37m/wd/hub/session/f28c74ed-800e-4fbd-85a6-5b00742fef20/window/current/size[39m
[35m[HTTP][39m [90m{}[39m
[35m[W3C][39m Driver proxy active, passing request on via HTTP proxy
[debug] [35m[JSONWP Proxy][39m Proxying [GET /wd/hub/session/f28c74ed-800e-4fbd-85a6-5b00742fef20/window/current/size] to [GET http://localhost:8202/wd/hub/session/dcc5cacb-6f87-4e21-94bb-4ee37211449d/window/current/size] with body: {}
[debug] [35m[JSONWP Proxy][39m Got response with status 200: "{\"sessionId\":\"dcc5cacb-6f87-4e21-94bb-4ee37211449d\",\"status\":0,\"value\":{\"height\":2392,\"width\":1440}}"
[35m[JSONWP Proxy][39m Replacing sessionId dcc5cacb-6f87-4e21-94bb-4ee37211449d with f28c74ed-800e-4fbd-85a6-5b00742fef20
[35m[HTTP][39m [37m<-- GET /wd/hub/session/f28c74ed-800e-4fbd-85a6-5b00742fef20/window/current/size [39m[32m200[39m [90m45 ms - 100[39m
[35m[HTTP][39m [90m[39m
[35m[HTTP][39m [37m-->[39m [37mPOST[39m [37m/wd/hub/session/f28c74ed-800e-4fbd-85a6-5b00742fef20/elements[39m
[35m[HTTP][39m [90m{"using":"xpath","value":"//hierarchy/android.widget.FrameLayout[1]/android.widget.LinearLayout[1]/android.widget.FrameLayout[1]/android.widget.RelativeLayout[1]/android.widget.RelativeLayout[1]/android.widget.FrameLayout[1]/android.webkit.WebView[1]/android.webkit.WebView[1]/android.view.View[1]/android.view.View[1]/android.widget.Button[2]"}[39m
[debug] [35m[W3C][39m Calling AppiumDriver.findElements() with args: ["xpath","//hierarchy/android.widget.FrameLayout[1]/android.widget.LinearLayout[1]/android.widget.FrameLayout[1]/android.widget.RelativeLayout[1]/android.widget.RelativeLayout[1]/android.widget.FrameLayout[1]/android.webkit.WebView[1]/android.webkit.WebView[1]/android.view.View[1]/android.view.View[1]/android.widget.Button[2]","f28c74ed-800e-4fbd-85a6-5b00742fef20"]
[debug] [35m[BaseDriver][39m Valid locator strategies for this request: xpath, id, class name, accessibility id, -android uiautomator
[debug] [35m[BaseDriver][39m Waiting up to 0 ms for condition
[debug] [35m[JSONWP Proxy][39m Proxying [POST /elements] to [POST http://localhost:8202/wd/hub/session/dcc5cacb-6f87-4e21-94bb-4ee37211449d/elements] with body: {"strategy":"xpath","selector":"//hierarchy/android.widget.FrameLayout[1]/android.widget.LinearLayout[1]/android.widget.FrameLayout[1]/android.widget.RelativeLayout[1]/android.widget.RelativeLayout[1]/android.widget.FrameLayout[1]/android.webkit.WebView[1]/android.webkit.WebView[1]/android.view.View[1]/android.view.View[1]/android.widget.Button[2]","context":"","multiple":true}
[debug] [35m[JSONWP Proxy][39m Got response with status 200: {"sessionId":"dcc5cacb-6f87-4e21-94bb-4ee37211449d","status":0,"value":[{"ELEMENT":"8f6832b5-6fca-4631-8225-d314bf2f2794"}]}
[debug] [35m[MJSONWP][39m Responding to client with driver.findElements() result: [{"ELEMENT":"8f6832b5-6fca-4631-8225-d314bf2f2794"}]
[35m[HTTP][39m [37m<-- POST /wd/hub/session/f28c74ed-800e-4fbd-85a6-5b00742fef20/elements [39m[32m200[39m [90m77 ms - 124[39m
[35m[HTTP][39m [90m[39m
[35m[HTTP][39m [37m-->[39m [37mGET[39m [37m/wd/hub/session/f28c74ed-800e-4fbd-85a6-5b00742fef20[39m
[35m[HTTP][39m [90m{}[39m
[debug] [35m[W3C][39m Calling AppiumDriver.getSession() with args: ["f28c74ed-800e-4fbd-85a6-5b00742fef20"]
[debug] [35m[UiAutomator2][39m Getting session details from server to mix in
[debug] [35m[JSONWP Proxy][39m Proxying [GET /] to [GET http://localhost:8202/wd/hub/session/dcc5cacb-6f87-4e21-94bb-4ee37211449d] with body: {}
[debug] [35m[JSONWP Proxy][39m Got response with status 200: "{\"sessionId\":\"dcc5cacb-6f87-4e21-94bb-4ee37211449d\",\"status\":0,\"value\":{}}"
[debug] [35m[MJSONWP][39m Responding to client with driver.getSession() result: {"platform":"ANDROID","webStorageEnabled":false,"takesScreenshot":true,"javascriptEnabled":true,"databaseEnabled":false,"networkConnectionEnabled":true,"locationContextEnabled":false,"warnings":{},"desired":{"app":"C:\\Users\\netzon.rhobert\\Desktop\\Gycom\\psapp-debug.apk","autoGrantPermissions":true,"automationName":"uiautomator2","deviceName":"Huawei Nexus 6P (Android 7.1.2)","fullReset":false,"newCommandTimeout":1800,"noReset":true,"platform":"ANDROID","platformName":"Android","udid":"CVH7N16130000820"},"app":"C:\\Users\\netzon.rhobert\\Desktop\\Gycom\\psapp-debug.apk","autoGrantPermissions":true,"automationName":"uiautomator2","deviceName":"CVH7N16130000820","fullReset":false,"newCommandTimeout":1800,"noReset":true,"platformName":"Android","udid":"CVH7N16130000820","deviceUDID":"CVH7N16130000820","platformVersion":"7.1.2","deviceScreenSize":"1440x2560","deviceScreenDensity":560,"deviceModel":"Nexus 6P","deviceManufacturer":"Huawei","deviceApiLevel":25,"appPackage":"se.pond.psapp","pixelRatio":3.5,"sta...
[35m[HTTP][39m [37m<-- GET /wd/hub/session/f28c74ed-800e-4fbd-85a6-5b00742fef20 [39m[32m200[39m [90m27 ms - 1170[39m
[35m[HTTP][39m [90m[39m
[35m[HTTP][39m [37m-->[39m [37mGET[39m [37m/wd/hub/session/f28c74ed-800e-4fbd-85a6-5b00742fef20[39m
[35m[HTTP][39m [90m{}[39m
[debug] [35m[W3C][39m Calling AppiumDriver.getSession() with args: ["f28c74ed-800e-4fbd-85a6-5b00742fef20"]
[debug] [35m[UiAutomator2][39m Getting session details from server to mix in
[debug] [35m[JSONWP Proxy][39m Proxying [GET /] to [GET http://localhost:8202/wd/hub/session/dcc5cacb-6f87-4e21-94bb-4ee37211449d] with body: {}
[debug] [35m[JSONWP Proxy][39m Got response with status 200: "{\"sessionId\":\"dcc5cacb-6f87-4e21-94bb-4ee37211449d\",\"status\":0,\"value\":{}}"
[debug] [35m[MJSONWP][39m Responding to client with driver.getSession() result: {"platform":"ANDROID","webStorageEnabled":false,"takesScreenshot":true,"javascriptEnabled":true,"databaseEnabled":false,"networkConnectionEnabled":true,"locationContextEnabled":false,"warnings":{},"desired":{"app":"C:\\Users\\netzon.rhobert\\Desktop\\Gycom\\psapp-debug.apk","autoGrantPermissions":true,"automationName":"uiautomator2","deviceName":"Huawei Nexus 6P (Android 7.1.2)","fullReset":false,"newCommandTimeout":1800,"noReset":true,"platform":"ANDROID","platformName":"Android","udid":"CVH7N16130000820"},"app":"C:\\Users\\netzon.rhobert\\Desktop\\Gycom\\psapp-debug.apk","autoGrantPermissions":true,"automationName":"uiautomator2","deviceName":"CVH7N16130000820","fullReset":false,"newCommandTimeout":1800,"noReset":true,"platformName":"Android","udid":"CVH7N16130000820","deviceUDID":"CVH7N16130000820","platformVersion":"7.1.2","deviceScreenSize":"1440x2560","deviceScreenDensity":560,"deviceModel":"Nexus 6P","deviceManufacturer":"Huawei","deviceApiLevel":25,"appPackage":"se.pond.psapp","pixelRatio":3.5,"sta...
[35m[HTTP][39m [37m<-- GET /wd/hub/session/f28c74ed-800e-4fbd-85a6-5b00742fef20 [39m[32m200[39m [90m26 ms - 1170[39m
[35m[HTTP][39m [90m[39m
[35m[HTTP][39m [37m-->[39m [37mGET[39m [37m/wd/hub/session/f28c74ed-800e-4fbd-85a6-5b00742fef20[39m
[35m[HTTP][39m [90m{}[39m
[debug] [35m[W3C][39m Calling AppiumDriver.getSession() with args: ["f28c74ed-800e-4fbd-85a6-5b00742fef20"]
[debug] [35m[UiAutomator2][39m Getting session details from server to mix in
[debug] [35m[JSONWP Proxy][39m Proxying [GET /] to [GET http://localhost:8202/wd/hub/session/dcc5cacb-6f87-4e21-94bb-4ee37211449d] with body: {}
[debug] [35m[JSONWP Proxy][39m Got response with status 200: "{\"sessionId\":\"dcc5cacb-6f87-4e21-94bb-4ee37211449d\",\"status\":0,\"value\":{}}"
[debug] [35m[MJSONWP][39m Responding to client with driver.getSession() result: {"platform":"ANDROID","webStorageEnabled":false,"takesScreenshot":true,"javascriptEnabled":true,"databaseEnabled":false,"networkConnectionEnabled":true,"locationContextEnabled":false,"warnings":{},"desired":{"app":"C:\\Users\\netzon.rhobert\\Desktop\\Gycom\\psapp-debug.apk","autoGrantPermissions":true,"automationName":"uiautomator2","deviceName":"Huawei Nexus 6P (Android 7.1.2)","fullReset":false,"newCommandTimeout":1800,"noReset":true,"platform":"ANDROID","platformName":"Android","udid":"CVH7N16130000820"},"app":"C:\\Users\\netzon.rhobert\\Desktop\\Gycom\\psapp-debug.apk","autoGrantPermissions":true,"automationName":"uiautomator2","deviceName":"CVH7N16130000820","fullReset":false,"newCommandTimeout":1800,"noReset":true,"platformName":"Android","udid":"CVH7N16130000820","deviceUDID":"CVH7N16130000820","platformVersion":"7.1.2","deviceScreenSize":"1440x2560","deviceScreenDensity":560,"deviceModel":"Nexus 6P","deviceManufacturer":"Huawei","deviceApiLevel":25,"appPackage":"se.pond.psapp","pixelRatio":3.5,"sta...
[35m[HTTP][39m [37m<-- GET /wd/hub/session/f28c74ed-800e-4fbd-85a6-5b00742fef20 [39m[32m200[39m [90m31 ms - 1170[39m
[35m[HTTP][39m [90m[39m
[35m[HTTP][39m [37m-->[39m [37mGET[39m [37m/wd/hub/session/f28c74ed-800e-4fbd-85a6-5b00742fef20[39m
[35m[HTTP][39m [90m{}[39m
[debug] [35m[W3C][39m Calling AppiumDriver.getSession() with args: ["f28c74ed-800e-4fbd-85a6-5b00742fef20"]
[debug] [35m[UiAutomator2][39m Getting session details from server to mix in
[debug] [35m[JSONWP Proxy][39m Proxying [GET /] to [GET http://localhost:8202/wd/hub/session/dcc5cacb-6f87-4e21-94bb-4ee37211449d] with body: {}
[debug] [35m[JSONWP Proxy][39m Got response with status 200: "{\"sessionId\":\"dcc5cacb-6f87-4e21-94bb-4ee37211449d\",\"status\":0,\"value\":{}}"
[debug] [35m[MJSONWP][39m Responding to client with driver.getSession() result: {"platform":"ANDROID","webStorageEnabled":false,"takesScreenshot":true,"javascriptEnabled":true,"databaseEnabled":false,"networkConnectionEnabled":true,"locationContextEnabled":false,"warnings":{},"desired":{"app":"C:\\Users\\netzon.rhobert\\Desktop\\Gycom\\psapp-debug.apk","autoGrantPermissions":true,"automationName":"uiautomator2","deviceName":"Huawei Nexus 6P (Android 7.1.2)","fullReset":false,"newCommandTimeout":1800,"noReset":true,"platform":"ANDROID","platformName":"Android","udid":"CVH7N16130000820"},"app":"C:\\Users\\netzon.rhobert\\Desktop\\Gycom\\psapp-debug.apk","autoGrantPermissions":true,"automationName":"uiautomator2","deviceName":"CVH7N16130000820","fullReset":false,"newCommandTimeout":1800,"noReset":true,"platformName":"Android","udid":"CVH7N16130000820","deviceUDID":"CVH7N16130000820","platformVersion":"7.1.2","deviceScreenSize":"1440x2560","deviceScreenDensity":560,"deviceModel":"Nexus 6P","deviceManufacturer":"Huawei","deviceApiLevel":25,"appPackage":"se.pond.psapp","pixelRatio":3.5,"sta...
[35m[HTTP][39m [37m<-- GET /wd/hub/session/f28c74ed-800e-4fbd-85a6-5b00742fef20 [39m[32m200[39m [90m27 ms - 1170[39m
[35m[HTTP][39m [90m[39m
[35m[HTTP][39m [37m-->[39m [37mGET[39m [37m/wd/hub/session/f28c74ed-800e-4fbd-85a6-5b00742fef20/element/8f6832b5-6fca-4631-8225-d314bf2f2794/location[39m
[35m[HTTP][39m [90m{}[39m
[35m[W3C][39m Driver proxy active, passing request on via HTTP proxy
[debug] [35m[JSONWP Proxy][39m Proxying [GET /wd/hub/session/f28c74ed-800e-4fbd-85a6-5b00742fef20/element/8f6832b5-6fca-4631-8225-d314bf2f2794/location] to [GET http://localhost:8202/wd/hub/session/dcc5cacb-6f87-4e21-94bb-4ee37211449d/element/8f6832b5-6fca-4631-8225-d314bf2f2794/location] with body: {}
[debug] [35m[JSONWP Proxy][39m Got response with status 200: "{\"sessionId\":\"dcc5cacb-6f87-4e21-94bb-4ee37211449d\",\"status\":0,\"value\":{\"x\":0,\"y\":444}}"
[35m[JSONWP Proxy][39m Replacing sessionId dcc5cacb-6f87-4e21-94bb-4ee37211449d with f28c74ed-800e-4fbd-85a6-5b00742fef20
[35m[HTTP][39m [37m<-- GET /wd/hub/session/f28c74ed-800e-4fbd-85a6-5b00742fef20/element/8f6832b5-6fca-4631-8225-d314bf2f2794/location [39m[32m200[39m [90m38 ms - 87[39m
[35m[HTTP][39m [90m[39m
[35m[HTTP][39m [37m-->[39m [37mPOST[39m [37m/wd/hub/session/f28c74ed-800e-4fbd-85a6-5b00742fef20/touch/perform[39m
[35m[HTTP][39m [90m{"actions":[{"action":"tap","options":{"element":"8f6832b5-6fca-4631-8225-d314bf2f2794","x":1,"y":1}}]}[39m
[debug] [35m[W3C][39m Calling AppiumDriver.performTouch() with args: [[{"action":"tap","options":{"element":"8f6832b5-6fca-4631-8225-d314bf2f2794","x":1,"y":1}}],"f28c74ed-800e-4fbd-85a6-5b00742fef20"]
[35m[UiAutomator2][39m calling get location: 8f6832b5-6fca-4631-8225-d314bf2f2794
[debug] [35m[JSONWP Proxy][39m Proxying [GET /element/8f6832b5-6fca-4631-8225-d314bf2f2794/location] to [GET http://localhost:8202/wd/hub/session/dcc5cacb-6f87-4e21-94bb-4ee37211449d/element/8f6832b5-6fca-4631-8225-d314bf2f2794/location] with body: {}
[debug] [35m[JSONWP Proxy][39m Got response with status 200: "{\"sessionId\":\"dcc5cacb-6f87-4e21-94bb-4ee37211449d\",\"status\":0,\"value\":{\"x\":0,\"y\":444}}"
[debug] [35m[JSONWP Proxy][39m Proxying [POST /element/8f6832b5-6fca-4631-8225-d314bf2f2794/click] to [POST http://localhost:8202/wd/hub/session/dcc5cacb-6f87-4e21-94bb-4ee37211449d/element/8f6832b5-6fca-4631-8225-d314bf2f2794/click] with body: {"element":"8f6832b5-6fca-4631-8225-d314bf2f2794","x":1,"y":445}
[debug] [35m[JSONWP Proxy][39m Got response with status 200: {"sessionId":"dcc5cacb-6f87-4e21-94bb-4ee37211449d","status":0,"value":true}
[debug] [35m[MJSONWP][39m Responding to client with driver.performTouch() result: null
[35m[HTTP][39m [37m<-- POST /wd/hub/session/f28c74ed-800e-4fbd-85a6-5b00742fef20/touch/perform [39m[32m200[39m [90m73 ms - 76[39m
[35m[HTTP][39m [90m[39m
[35m[HTTP][39m [37m-->[39m [37mGET[39m [37m/wd/hub/session/f28c74ed-800e-4fbd-85a6-5b00742fef20/source[39m
[35m[HTTP][39m [90m{}[39m
[35m[W3C][39m Driver proxy active, passing request on via HTTP proxy
[debug] [35m[JSONWP Proxy][39m Proxying [GET /wd/hub/session/f28c74ed-800e-4fbd-85a6-5b00742fef20/source] to [GET http://localhost:8202/wd/hub/session/dcc5cacb-6f87-4e21-94bb-4ee37211449d/source] with body: {}
[debug] [35m[JSONWP Proxy][39m Got response with status 200: "{\"sessionId\":\"dcc5cacb-6f87-4e21-94bb-4ee37211449d\",\"status\":0,\"value\":\"<?xml version=\\\"1.0\\\" encoding=\\\"UTF-8\\\"?><hierarchy rotation=\\\"0\\\"><android.widget.FrameLayout index=\\\"0\\\" text=\\\"\\\" class=\\\"android.widget.FrameLayout\\\" package=\\\"se.pond.psapp\\\" content-desc=\\\"\\\" checkable=\\\"false\\\" checked=\\\"false\\\" clickable=\\\"false\\\" enabled=\\\"true\\\" focusable=\\\"false\\\" focused=\\\"false\\\" scrollable=\\\"false\\\" long-clickable=\\\"false\\\" password=\\\"false\\\" selected=\\\"false\\\" bounds=\\\"[0,0][1440,2392]\\\" resource-id=\\\"\\\" instance=\\\"0\\\"><android.widget.LinearLayout index=\\\"0\\\" text=\\\"\\\" class=\\\"android.widget.LinearLayout\\\" package=\\\"se.pond.psapp\\\" content-desc=\\\"\\\" checkable=\\\"false\\\" checked=\\\"false\\\" clickable=\\\"false\\\" enabled=\\\"true\\\" focusable=\\\"false\\\" focused=\\\"false\\\" scrollable=\\\"false\\\" long-clickable=\\\"false\\\" password=\\\"false\\\" selected=\\\"false\\\" bounds=\\...
[35m[JSONWP Proxy][39m Replacing sessionId dcc5cacb-6f87-4e21-94bb-4ee37211449d with f28c74ed-800e-4fbd-85a6-5b00742fef20
[35m[HTTP][39m [37m<-- GET /wd/hub/session/f28c74ed-800e-4fbd-85a6-5b00742fef20/source [39m[32m200[39m [90m604 ms - 9310[39m
[35m[HTTP][39m [90m[39m
[35m[HTTP][39m [37m-->[39m [37mGET[39m [37m/wd/hub/session/f28c74ed-800e-4fbd-85a6-5b00742fef20/screenshot[39m
[35m[HTTP][39m [90m{}[39m
[debug] [35m[W3C][39m Calling AppiumDriver.getScreenshot() with args: ["f28c74ed-800e-4fbd-85a6-5b00742fef20"]
[debug] [35m[JSONWP Proxy][39m Proxying [GET /screenshot] to [GET http://localhost:8202/wd/hub/session/dcc5cacb-6f87-4e21-94bb-4ee37211449d/screenshot] with no body
[debug] [35m[JSONWP Proxy][39m Got response with status 200: "{\"sessionId\":\"dcc5cacb-6f87-4e21-94bb-4ee37211449d\",\"status\":0,\"value\":\"iVBORw0KGgoAAAANSUhEUgAABaAAAAoACAIAAADIlhKYAAAAA3NCSVQICAjb4U\\/gAAAgAElEQVR4\\nnOzdR5dlZ5be92e\\/x10TPh2AhAeqClXdZLfYLbG1NNdYH09fQEsTzTTQhEuLZFPSEsnW6ibLoKoB\\nFIAE0oa9\\/rh3axCZMGnDnDA34v9bKKAQEXefkxeDOPHEfve2ajEXAAAAAADAMgsXfQMAAAAAAACn\\nRcABAAAAAACWHgEHAAAAAABYegQcAAAAAABg6RFwAAAAAACApUfAAQAAAAAAlh4BBwAAAAAAWHoE\\nHAAAAAAAYOkRcAAAAAAAgKVHwAEAAAAAAJYeAQcAAAAAAFh6BBwAAAAAAGDpEXAAAAAAAIClR8AB\\nAAAAAACWHgEHAAAAAABYegQcAAAAAABg6RFwAAAAAACApUfAAQAAAAAAlh4BBwAAAAAAWHoEHAAA\\nAAAAYOkRcAAAAAAAgKVHwAEAAAAAAJYeAQcAAAAAAFh6BBwAAAAAAGDpEXAAAAAAAIClR8ABAAAA\\nAACWHgEHAAAAAABYegQcAAAAAABg6RFwAAAAAACApUfAAQAAAAAAlh4BBwAAAAAAWHoEHAAAAAAA\\nYOkRcAAAAAAAgKVHwAEAAAAAAJYeAQcAAAAAAFh6BBwAAAAAAGDpEXAAAAAAAIClR8ABAAAAAACW\\nHgEHAAAAAABYegQcAAAAAABg6RFwAAAAAACApUfAAQAAAAAAlh4BBwAAAAAAWHoEHAAAAAAAYOkR\\ncAAAAAAAgKVHwAEAAAAAAJYeAQcAAAAAAFh6BBwAAAAAAGDpEXAAAAAAAIClR8ABAAAAAACWHgEH\\nAAAAAABYegQcAAAAAABg6RFwAAAAAACApUfAAQAAAAAAlh4BBwAAAAAAWHoEHAAA...
[debug] [35m[MJSONWP][39m Responding to client with driver.getScreenshot() result: "iVBORw0KGgoAAAANSUhEUgAABaAAAAoACAIAAADIlhKYAAAAA3NCSVQICAjb4U/gAAAgAElEQVR4\nnOzdR5dlZ5be92e/x10TPh2AhAeqClXdZLfYLbG1NNdYH09fQEsTzTTQhEuLZFPSEsnW6ibLoKoB\nFIAE0oa9/rh3axCZMGnDnDA34v9bKKAQEXefkxeDOPHEfve2ajEXAAAAAADAMgsXfQMAAAAAAACn\nRcABAAAAAACWHgEHAAAAAABYegQcAAAAAABg6RFwAAAAAACApUfAAQAAAAAAlh4BBwAAAAAAWHoE\nHAAAAAAAYOkRcAAAAAAAgKVHwAEAAAAAAJYeAQcAAAAAAFh6BBwAAAAAAGDpEXAAAAAAAIClR8AB\nAAAAAACWHgEHAAAAAABYegQcAAAAAABg6RFwAAAAAACApUfAAQAAAAAAlh4BBwAAAAAAWHoEHAAA\nAAAAYOkRcAAAAAAAgKVHwAEAAAAAAJYeAQcAAAAAAFh6BBwAAAAAAGDpEXAAAAAAAIClR8ABAAAA\nAACWHgEHAAAAAABYegQcAAAAAABg6RFwAAAAAACApUfAAQAAAAAAlh4BBwAAAAAAWHoEHAAAAAAA\nYOkRcAAAAAAAgKVHwAEAAAAAAJYeAQcAAAAAAFh6BBwAAAAAAGDpEXAAAAAAAIClR8ABAAAAAACW\nHgEHAAAAAABYegQcAAAAAABg6RFwAAAAAACApUfAAQAAAAAAlh4BBwAAAAAAWHoEHAAAAAAAYOkR\ncAAAAAAAgKVHwAEAAAAAAJYeAQcAAAAAAFh6BBwAAAAAAGDpEXAAAAAAAIClR8ABAAAAAACWHgEH\nAAAAAABYegQcAAAAAABg6RFwAAAAAACApUfAAQAAAAAAlh4BBwAAAAAAWHoEHAAAAAAAYOkRcAAA\nAAAAgKVHwAEAAAAAAJYeAQcAAAAAAFh6BBwAAAAAAGDpEXAAAAAAAIClR8ABAAAAAACWHgEHAAAA\nAABYeg...
[35m[HTTP][39m [37m<-- GET /wd/hub/session/f28c74ed-800e-4fbd-85a6-5b00742fef20/screenshot [39m[32m200[39m [90m686 ms - 313566[39m
[35m[HTTP][39m [90m[39m
[35m[HTTP][39m [37m-->[39m [37mDELETE[39m [37m/wd/hub/session/f28c74ed-800e-4fbd-85a6-5b00742fef20[39m
[35m[HTTP][39m [90m{}[39m
[debug] [35m[W3C][39m Calling AppiumDriver.deleteSession() with args: ["f28c74ed-800e-4fbd-85a6-5b00742fef20"]
[debug] [35m[BaseDriver][39m Event 'quitSessionRequested' logged at 1547521802815 (11:10:02 GMT+0800 (Singapore Standard Time))
[35m[Appium][39m Removing session f28c74ed-800e-4fbd-85a6-5b00742fef20 from our master session list
[debug] [35m[UiAutomator2][39m Deleting UiAutomator2 session
[debug] [35m[UiAutomator2][39m Deleting UiAutomator2 server session
[debug] [35m[JSONWP Proxy][39m Proxying [DELETE /] to [DELETE http://localhost:8202/wd/hub/session/dcc5cacb-6f87-4e21-94bb-4ee37211449d] with no body
[debug] [35m[JSONWP Proxy][39m Got response with status 200: "{\"sessionId\":\"dcc5cacb-6f87-4e21-94bb-4ee37211449d\",\"status\":0,\"value\":\"Session deleted\"}"
[debug] [35m[ADB][39m Running 'C:\Users\netzon.rhobert\.katalon\tools\android_sdk\platform-tools\adb.exe -P 5037 -s CVH7N16130000820 shell am force-stop se.pond.psapp'
[debug] [35m[Logcat][39m Stopping logcat capture
[debug] [35m[ADB][39m Removing forwarded port socket connection: 8202 
[debug] [35m[ADB][39m Running 'C:\Users\netzon.rhobert\.katalon\tools\android_sdk\platform-tools\adb.exe -P 5037 -s CVH7N16130000820 forward --remove tcp\:8202'
[debug] [35m[BaseDriver][39m Event 'quitSessionFinished' logged at 1547521803659 (11:10:03 GMT+0800 (Singapore Standard Time))
[debug] [35m[MJSONWP][39m Received response: null
[debug] [35m[MJSONWP][39m But deleting session, so not returning
[debug] [35m[MJSONWP][39m Responding to client with driver.deleteSession() result: null
